{"/Users/danstuart/Sites/work/uki-pune-workday": {"path":"/Users/danstuart/Sites/work/uki-pune-workday","statementMap":{},"fnMap":{},"branchMap":{},"s":{},"f":{},"b":{},"meta":{"lastBranch":0,"lastFunction":0,"lastStatement":0,"seen":{}}}
,"/Users/danstuart/Sites/work/uki-pune-workday/.storybook/preview.ts": {"path":"/Users/danstuart/Sites/work/uki-pune-workday/.storybook/preview.ts","statementMap":{"0":{"start":{"line":4,"column":25},"end":{"line":20,"column":null}}},"fnMap":{},"branchMap":{},"s":{"0":29},"f":{},"b":{},"meta":{"lastBranch":0,"lastFunction":0,"lastStatement":1,"seen":{"s:4:25:20:Infinity":0}}}
,"/Users/danstuart/Sites/work/uki-pune-workday/src/index.css": {"path":"/Users/danstuart/Sites/work/uki-pune-workday/src/index.css","statementMap":{},"fnMap":{},"branchMap":{},"s":{},"f":{},"b":{},"meta":{"lastBranch":0,"lastFunction":0,"lastStatement":0,"seen":{}}}
,"/Users/danstuart/Sites/work/uki-pune-workday/src/components/ui/accordion/accordion.tsx": {"path":"/Users/danstuart/Sites/work/uki-pune-workday/src/components/ui/accordion/accordion.tsx","statementMap":{"0":{"start":{"line":13,"column":2},"end":{"line":13,"column":3}},"1":{"start":{"line":1,"column":23},"end":{"line":1,"column":null}},"2":{"start":{"line":7,"column":18},"end":{"line":7,"column":null}},"3":{"start":{"line":9,"column":22},"end":{"line":14,"column":null}},"4":{"start":{"line":13,"column":2},"end":{"line":13,"column":null}},"5":{"start":{"line":15,"column":0},"end":{"line":15,"column":null}},"6":{"start":{"line":17,"column":25},"end":{"line":34,"column":null}},"7":{"start":{"line":21,"column":2},"end":{"line":33,"column":null}},"8":{"start":{"line":35,"column":0},"end":{"line":35,"column":null}},"9":{"start":{"line":37,"column":25},"end":{"line":48,"column":null}},"10":{"start":{"line":41,"column":2},"end":{"line":47,"column":null}},"11":{"start":{"line":50,"column":0},"end":{"line":50,"column":null}}},"fnMap":{"0":{"name":"(anonymous_0)","decl":{"start":{"line":1,"column":23},"end":{"line":1,"column":null}},"loc":{"start":{"line":1,"column":23},"end":{"line":1,"column":null}},"line":1},"1":{"name":"(anonymous_1)","decl":{"start":{"line":12,"column":2},"end":{"line":12,"column":3}},"loc":{"start":{"line":13,"column":2},"end":{"line":13,"column":null}},"line":13},"2":{"name":"(anonymous_2)","decl":{"start":{"line":20,"column":2},"end":{"line":20,"column":3}},"loc":{"start":{"line":21,"column":2},"end":{"line":33,"column":null}},"line":21},"3":{"name":"(anonymous_3)","decl":{"start":{"line":40,"column":2},"end":{"line":40,"column":3}},"loc":{"start":{"line":41,"column":2},"end":{"line":47,"column":null}},"line":41}},"branchMap":{"0":{"loc":{"start":{"line":1,"column":23},"end":{"line":1,"column":null}},"type":"cond-expr","locations":[{"start":{"line":1,"column":23},"end":{"line":1,"column":null}},{"start":{"line":1,"column":23},"end":{"line":1,"column":null}}],"line":1},"1":{"loc":{"start":{"line":1,"column":23},"end":{"line":1,"column":null}},"type":"binary-expr","locations":[{"start":{"line":1,"column":23},"end":{"line":1,"column":null}},{"start":{"line":1,"column":23},"end":{"line":1,"column":null}},{"start":{"line":1,"column":23},"end":{"line":1,"column":null}}],"line":1}},"s":{"0":1,"1":1,"2":1,"3":1,"4":5,"5":1,"6":1,"7":5,"8":1,"9":1,"10":5,"11":1},"f":{"0":1,"1":5,"2":5,"3":5},"b":{"0":[1,1],"1":[1,1,0]},"meta":{"lastBranch":2,"lastFunction":4,"lastStatement":12,"seen":{"s:13:2:13:3":0,"s:1:23:1:Infinity":1,"f:1:23:1:Infinity":0,"b:1:23:1:Infinity:1:23:1:Infinity":0,"b:1:23:1:Infinity:1:23:1:Infinity:1:23:1:Infinity":1,"s:7:18:7:Infinity":2,"s:9:22:14:Infinity":3,"f:12:2:12:3":1,"s:13:2:13:Infinity":4,"s:15:0:15:Infinity":5,"s:17:25:34:Infinity":6,"f:20:2:20:3":2,"s:21:2:33:Infinity":7,"s:35:0:35:Infinity":8,"s:37:25:48:Infinity":9,"f:40:2:40:3":3,"s:41:2:47:Infinity":10,"s:50:0:50:Infinity":11}}}
,"/Users/danstuart/Sites/work/uki-pune-workday/src/components/ui/alert/alert.tsx": {"path":"/Users/danstuart/Sites/work/uki-pune-workday/src/components/ui/alert/alert.tsx","statementMap":{"0":{"start":{"line":43,"column":2},"end":{"line":43,"column":3}},"1":{"start":{"line":1,"column":23},"end":{"line":1,"column":null}},"2":{"start":{"line":10,"column":22},"end":{"line":25,"column":null}},"3":{"start":{"line":39,"column":14},"end":{"line":44,"column":null}},"4":{"start":{"line":43,"column":2},"end":{"line":43,"column":null}},"5":{"start":{"line":45,"column":0},"end":{"line":45,"column":null}},"6":{"start":{"line":51,"column":19},"end":{"line":55,"column":null}},"7":{"start":{"line":53,"column":4},"end":{"line":53,"column":null}},"8":{"start":{"line":56,"column":0},"end":{"line":56,"column":null}},"9":{"start":{"line":62,"column":25},"end":{"line":66,"column":null}},"10":{"start":{"line":64,"column":4},"end":{"line":64,"column":null}},"11":{"start":{"line":67,"column":0},"end":{"line":67,"column":null}}},"fnMap":{"0":{"name":"(anonymous_0)","decl":{"start":{"line":1,"column":23},"end":{"line":1,"column":null}},"loc":{"start":{"line":1,"column":23},"end":{"line":1,"column":null}},"line":1},"1":{"name":"(anonymous_1)","decl":{"start":{"line":42,"column":2},"end":{"line":42,"column":3}},"loc":{"start":{"line":43,"column":2},"end":{"line":43,"column":null}},"line":43},"2":{"name":"(anonymous_2)","decl":{"start":{"line":52,"column":2},"end":{"line":52,"column":3}},"loc":{"start":{"line":53,"column":4},"end":{"line":53,"column":null}},"line":53},"3":{"name":"(anonymous_3)","decl":{"start":{"line":63,"column":2},"end":{"line":63,"column":3}},"loc":{"start":{"line":64,"column":4},"end":{"line":64,"column":null}},"line":64}},"branchMap":{"0":{"loc":{"start":{"line":1,"column":23},"end":{"line":1,"column":null}},"type":"cond-expr","locations":[{"start":{"line":1,"column":23},"end":{"line":1,"column":null}},{"start":{"line":1,"column":23},"end":{"line":1,"column":null}}],"line":1},"1":{"loc":{"start":{"line":1,"column":23},"end":{"line":1,"column":null}},"type":"binary-expr","locations":[{"start":{"line":1,"column":23},"end":{"line":1,"column":null}},{"start":{"line":1,"column":23},"end":{"line":1,"column":null}},{"start":{"line":1,"column":23},"end":{"line":1,"column":null}}],"line":1}},"s":{"0":1,"1":1,"2":1,"3":1,"4":4,"5":1,"6":1,"7":4,"8":1,"9":1,"10":3,"11":1},"f":{"0":1,"1":4,"2":4,"3":3},"b":{"0":[1,1],"1":[1,1,0]},"meta":{"lastBranch":2,"lastFunction":4,"lastStatement":12,"seen":{"s:43:2:43:3":0,"s:1:23:1:Infinity":1,"f:1:23:1:Infinity":0,"b:1:23:1:Infinity:1:23:1:Infinity":0,"b:1:23:1:Infinity:1:23:1:Infinity:1:23:1:Infinity":1,"s:10:22:25:Infinity":2,"s:39:14:44:Infinity":3,"f:42:2:42:3":1,"s:43:2:43:Infinity":4,"s:45:0:45:Infinity":5,"s:51:19:55:Infinity":6,"f:52:2:52:3":2,"s:53:4:53:Infinity":7,"s:56:0:56:Infinity":8,"s:62:25:66:Infinity":9,"f:63:2:63:3":3,"s:64:4:64:Infinity":10,"s:67:0:67:Infinity":11}}}
,"/Users/danstuart/Sites/work/uki-pune-workday/src/components/ui/avatar/avatar.tsx": {"path":"/Users/danstuart/Sites/work/uki-pune-workday/src/components/ui/avatar/avatar.tsx","statementMap":{"0":{"start":{"line":10,"column":2},"end":{"line":10,"column":3}},"1":{"start":{"line":1,"column":23},"end":{"line":1,"column":null}},"2":{"start":{"line":6,"column":15},"end":{"line":15,"column":null}},"3":{"start":{"line":10,"column":2},"end":{"line":14,"column":null}},"4":{"start":{"line":16,"column":0},"end":{"line":16,"column":null}},"5":{"start":{"line":18,"column":20},"end":{"line":23,"column":null}},"6":{"start":{"line":22,"column":2},"end":{"line":22,"column":null}},"7":{"start":{"line":24,"column":0},"end":{"line":24,"column":null}},"8":{"start":{"line":26,"column":23},"end":{"line":35,"column":null}},"9":{"start":{"line":30,"column":2},"end":{"line":34,"column":null}},"10":{"start":{"line":36,"column":0},"end":{"line":36,"column":null}}},"fnMap":{"0":{"name":"(anonymous_0)","decl":{"start":{"line":1,"column":23},"end":{"line":1,"column":null}},"loc":{"start":{"line":1,"column":23},"end":{"line":1,"column":null}},"line":1},"1":{"name":"(anonymous_1)","decl":{"start":{"line":9,"column":2},"end":{"line":9,"column":3}},"loc":{"start":{"line":10,"column":2},"end":{"line":14,"column":null}},"line":10},"2":{"name":"(anonymous_2)","decl":{"start":{"line":21,"column":2},"end":{"line":21,"column":3}},"loc":{"start":{"line":22,"column":2},"end":{"line":22,"column":null}},"line":22},"3":{"name":"(anonymous_3)","decl":{"start":{"line":29,"column":2},"end":{"line":29,"column":3}},"loc":{"start":{"line":30,"column":2},"end":{"line":34,"column":null}},"line":30}},"branchMap":{"0":{"loc":{"start":{"line":1,"column":23},"end":{"line":1,"column":null}},"type":"cond-expr","locations":[{"start":{"line":1,"column":23},"end":{"line":1,"column":null}},{"start":{"line":1,"column":23},"end":{"line":1,"column":null}}],"line":1},"1":{"loc":{"start":{"line":1,"column":23},"end":{"line":1,"column":null}},"type":"binary-expr","locations":[{"start":{"line":1,"column":23},"end":{"line":1,"column":null}},{"start":{"line":1,"column":23},"end":{"line":1,"column":null}},{"start":{"line":1,"column":23},"end":{"line":1,"column":null}}],"line":1}},"s":{"0":1,"1":1,"2":1,"3":2,"4":1,"5":1,"6":2,"7":1,"8":1,"9":2,"10":1},"f":{"0":1,"1":2,"2":2,"3":2},"b":{"0":[1,1],"1":[1,1,0]},"meta":{"lastBranch":2,"lastFunction":4,"lastStatement":11,"seen":{"s:10:2:10:3":0,"s:1:23:1:Infinity":1,"f:1:23:1:Infinity":0,"b:1:23:1:Infinity:1:23:1:Infinity":0,"b:1:23:1:Infinity:1:23:1:Infinity:1:23:1:Infinity":1,"s:6:15:15:Infinity":2,"f:9:2:9:3":1,"s:10:2:14:Infinity":3,"s:16:0:16:Infinity":4,"s:18:20:23:Infinity":5,"f:21:2:21:3":2,"s:22:2:22:Infinity":6,"s:24:0:24:Infinity":7,"s:26:23:35:Infinity":8,"f:29:2:29:3":3,"s:30:2:34:Infinity":9,"s:36:0:36:Infinity":10}}}
,"/Users/danstuart/Sites/work/uki-pune-workday/src/components/ui/badge/badge.tsx": {"path":"/Users/danstuart/Sites/work/uki-pune-workday/src/components/ui/badge/badge.tsx","statementMap":{"0":{"start":{"line":47,"column":9},"end":{"line":47,"column":10}},"1":{"start":{"line":10,"column":22},"end":{"line":29,"column":null}},"2":{"start":{"line":47,"column":2},"end":{"line":47,"column":null}}},"fnMap":{"0":{"name":"Badge","decl":{"start":{"line":46,"column":9},"end":{"line":46,"column":15}},"loc":{"start":{"line":46,"column":61},"end":{"line":48,"column":null}},"line":46}},"branchMap":{},"s":{"0":1,"1":1,"2":4},"f":{"0":4},"b":{},"meta":{"lastBranch":0,"lastFunction":1,"lastStatement":3,"seen":{"s:47:9:47:10":0,"s:10:22:29:Infinity":1,"f:46:9:46:15":0,"s:47:2:47:Infinity":2}}}
,"/Users/danstuart/Sites/work/uki-pune-workday/src/components/ui/breadcrumb/breadcrumb.tsx": {"path":"/Users/danstuart/Sites/work/uki-pune-workday/src/components/ui/breadcrumb/breadcrumb.tsx","statementMap":{"0":{"start":{"line":12,"column":25},"end":{"line":12,"column":26}},"1":{"start":{"line":1,"column":23},"end":{"line":1,"column":null}},"2":{"start":{"line":7,"column":19},"end":{"line":12,"column":null}},"3":{"start":{"line":12,"column":25},"end":{"line":12,"column":77}},"4":{"start":{"line":13,"column":0},"end":{"line":13,"column":null}},"5":{"start":{"line":15,"column":23},"end":{"line":26,"column":null}},"6":{"start":{"line":17,"column":4},"end":{"line":24,"column":null}},"7":{"start":{"line":27,"column":0},"end":{"line":27,"column":null}},"8":{"start":{"line":29,"column":23},"end":{"line":33,"column":null}},"9":{"start":{"line":31,"column":4},"end":{"line":31,"column":null}},"10":{"start":{"line":34,"column":0},"end":{"line":34,"column":null}},"11":{"start":{"line":36,"column":23},"end":{"line":45,"column":null}},"12":{"start":{"line":42,"column":15},"end":{"line":42,"column":null}},"13":{"start":{"line":44,"column":2},"end":{"line":44,"column":null}},"14":{"start":{"line":46,"column":0},"end":{"line":46,"column":null}},"15":{"start":{"line":48,"column":23},"end":{"line":59,"column":null}},"16":{"start":{"line":50,"column":4},"end":{"line":57,"column":null}},"17":{"start":{"line":60,"column":0},"end":{"line":60,"column":null}},"18":{"start":{"line":62,"column":28},"end":{"line":65,"column":null}},"19":{"start":{"line":63,"column":2},"end":{"line":65,"column":null}},"20":{"start":{"line":67,"column":0},"end":{"line":67,"column":null}},"21":{"start":{"line":69,"column":27},"end":{"line":78,"column":null}},"22":{"start":{"line":70,"column":2},"end":{"line":78,"column":null}},"23":{"start":{"line":80,"column":0},"end":{"line":80,"column":null}}},"fnMap":{"0":{"name":"(anonymous_0)","decl":{"start":{"line":1,"column":23},"end":{"line":1,"column":null}},"loc":{"start":{"line":1,"column":23},"end":{"line":1,"column":null}},"line":1},"1":{"name":"(anonymous_1)","decl":{"start":{"line":12,"column":2},"end":{"line":12,"column":3}},"loc":{"start":{"line":12,"column":25},"end":{"line":12,"column":77}},"line":12},"2":{"name":"(anonymous_2)","decl":{"start":{"line":16,"column":2},"end":{"line":16,"column":3}},"loc":{"start":{"line":17,"column":4},"end":{"line":24,"column":null}},"line":17},"3":{"name":"(anonymous_3)","decl":{"start":{"line":30,"column":2},"end":{"line":30,"column":3}},"loc":{"start":{"line":31,"column":4},"end":{"line":31,"column":null}},"line":31},"4":{"name":"(anonymous_4)","decl":{"start":{"line":41,"column":2},"end":{"line":41,"column":3}},"loc":{"start":{"line":41,"column":45},"end":{"line":45,"column":1}},"line":41},"5":{"name":"(anonymous_5)","decl":{"start":{"line":49,"column":2},"end":{"line":49,"column":3}},"loc":{"start":{"line":50,"column":4},"end":{"line":57,"column":null}},"line":50},"6":{"name":"(anonymous_6)","decl":{"start":{"line":62,"column":28},"end":{"line":62,"column":29}},"loc":{"start":{"line":63,"column":2},"end":{"line":65,"column":null}},"line":63},"7":{"name":"(anonymous_7)","decl":{"start":{"line":69,"column":27},"end":{"line":69,"column":28}},"loc":{"start":{"line":70,"column":2},"end":{"line":78,"column":null}},"line":70}},"branchMap":{"0":{"loc":{"start":{"line":1,"column":23},"end":{"line":1,"column":null}},"type":"cond-expr","locations":[{"start":{"line":1,"column":23},"end":{"line":1,"column":null}},{"start":{"line":1,"column":23},"end":{"line":1,"column":null}}],"line":1},"1":{"loc":{"start":{"line":1,"column":23},"end":{"line":1,"column":null}},"type":"binary-expr","locations":[{"start":{"line":1,"column":23},"end":{"line":1,"column":null}},{"start":{"line":1,"column":23},"end":{"line":1,"column":null}},{"start":{"line":1,"column":23},"end":{"line":1,"column":null}}],"line":1},"2":{"loc":{"start":{"line":42,"column":15},"end":{"line":42,"column":null}},"type":"cond-expr","locations":[{"start":{"line":42,"column":25},"end":{"line":42,"column":32}},{"start":{"line":42,"column":32},"end":{"line":42,"column":null}}],"line":42},"3":{"loc":{"start":{"line":64,"column":5},"end":{"line":64,"column":null}},"type":"binary-expr","locations":[{"start":{"line":64,"column":5},"end":{"line":64,"column":17}},{"start":{"line":64,"column":17},"end":{"line":64,"column":null}}],"line":64}},"s":{"0":1,"1":1,"2":1,"3":1,"4":1,"5":1,"6":1,"7":1,"8":1,"9":3,"10":1,"11":1,"12":2,"13":2,"14":1,"15":1,"16":1,"17":1,"18":1,"19":2,"20":1,"21":1,"22":0,"23":1},"f":{"0":1,"1":1,"2":1,"3":3,"4":2,"5":1,"6":2,"7":0},"b":{"0":[1,1],"1":[1,1,0],"2":[0,2],"3":[2,2]},"meta":{"lastBranch":4,"lastFunction":8,"lastStatement":24,"seen":{"s:12:25:12:26":0,"s:1:23:1:Infinity":1,"f:1:23:1:Infinity":0,"b:1:23:1:Infinity:1:23:1:Infinity":0,"b:1:23:1:Infinity:1:23:1:Infinity:1:23:1:Infinity":1,"s:7:19:12:Infinity":2,"f:12:2:12:3":1,"s:12:25:12:77":3,"s:13:0:13:Infinity":4,"s:15:23:26:Infinity":5,"f:16:2:16:3":2,"s:17:4:24:Infinity":6,"s:27:0:27:Infinity":7,"s:29:23:33:Infinity":8,"f:30:2:30:3":3,"s:31:4:31:Infinity":9,"s:34:0:34:Infinity":10,"s:36:23:45:Infinity":11,"f:41:2:41:3":4,"s:42:15:42:Infinity":12,"b:42:25:42:32:42:32:42:Infinity":2,"s:44:2:44:Infinity":13,"s:46:0:46:Infinity":14,"s:48:23:59:Infinity":15,"f:49:2:49:3":5,"s:50:4:57:Infinity":16,"s:60:0:60:Infinity":17,"s:62:28:65:Infinity":18,"f:62:28:62:29":6,"s:63:2:65:Infinity":19,"b:64:5:64:17:64:17:64:Infinity":3,"s:67:0:67:Infinity":20,"s:69:27:78:Infinity":21,"f:69:27:69:28":7,"s:70:2:78:Infinity":22,"s:80:0:80:Infinity":23}}}
,"/Users/danstuart/Sites/work/uki-pune-workday/src/components/ui/button/button.tsx": {"path":"/Users/danstuart/Sites/work/uki-pune-workday/src/components/ui/button/button.tsx","statementMap":{"0":{"start":{"line":75,"column":11},"end":{"line":75,"column":12}},"1":{"start":{"line":1,"column":23},"end":{"line":1,"column":null}},"2":{"start":{"line":11,"column":23},"end":{"line":45,"column":null}},"3":{"start":{"line":72,"column":15},"end":{"line":77,"column":null}},"4":{"start":{"line":74,"column":17},"end":{"line":74,"column":null}},"5":{"start":{"line":75,"column":4},"end":{"line":75,"column":null}},"6":{"start":{"line":78,"column":0},"end":{"line":78,"column":null}}},"fnMap":{"0":{"name":"(anonymous_0)","decl":{"start":{"line":1,"column":23},"end":{"line":1,"column":null}},"loc":{"start":{"line":1,"column":23},"end":{"line":1,"column":null}},"line":1},"1":{"name":"(anonymous_1)","decl":{"start":{"line":73,"column":2},"end":{"line":73,"column":3}},"loc":{"start":{"line":73,"column":68},"end":{"line":76,"column":null}},"line":73}},"branchMap":{"0":{"loc":{"start":{"line":1,"column":23},"end":{"line":1,"column":null}},"type":"cond-expr","locations":[{"start":{"line":1,"column":23},"end":{"line":1,"column":null}},{"start":{"line":1,"column":23},"end":{"line":1,"column":null}}],"line":1},"1":{"loc":{"start":{"line":1,"column":23},"end":{"line":1,"column":null}},"type":"binary-expr","locations":[{"start":{"line":1,"column":23},"end":{"line":1,"column":null}},{"start":{"line":1,"column":23},"end":{"line":1,"column":null}},{"start":{"line":1,"column":23},"end":{"line":1,"column":null}}],"line":1},"2":{"loc":{"start":{"line":73,"column":31},"end":{"line":73,"column":48}},"type":"default-arg","locations":[{"start":{"line":73,"column":41},"end":{"line":73,"column":48}}],"line":73},"3":{"loc":{"start":{"line":74,"column":17},"end":{"line":74,"column":null}},"type":"cond-expr","locations":[{"start":{"line":74,"column":27},"end":{"line":74,"column":34}},{"start":{"line":74,"column":34},"end":{"line":74,"column":null}}],"line":74}},"s":{"0":8,"1":8,"2":8,"3":8,"4":25,"5":25,"6":8},"f":{"0":8,"1":25},"b":{"0":[8,8],"1":[8,8,0],"2":[25],"3":[1,24]},"meta":{"lastBranch":4,"lastFunction":2,"lastStatement":7,"seen":{"s:75:11:75:12":0,"s:1:23:1:Infinity":1,"f:1:23:1:Infinity":0,"b:1:23:1:Infinity:1:23:1:Infinity":0,"b:1:23:1:Infinity:1:23:1:Infinity:1:23:1:Infinity":1,"s:11:23:45:Infinity":2,"s:72:15:77:Infinity":3,"f:73:2:73:3":1,"b:73:41:73:48":2,"s:74:17:74:Infinity":4,"b:74:27:74:34:74:34:74:Infinity":3,"s:75:4:75:Infinity":5,"s:78:0:78:Infinity":6}}}
,"/Users/danstuart/Sites/work/uki-pune-workday/src/components/ui/card/card.tsx": {"path":"/Users/danstuart/Sites/work/uki-pune-workday/src/components/ui/card/card.tsx","statementMap":{"0":{"start":{"line":6,"column":2},"end":{"line":6,"column":3}},"1":{"start":{"line":1,"column":23},"end":{"line":1,"column":null}},"2":{"start":{"line":5,"column":13},"end":{"line":7,"column":null}},"3":{"start":{"line":6,"column":2},"end":{"line":6,"column":null}},"4":{"start":{"line":8,"column":0},"end":{"line":8,"column":null}},"5":{"start":{"line":10,"column":19},"end":{"line":14,"column":null}},"6":{"start":{"line":12,"column":4},"end":{"line":12,"column":null}},"7":{"start":{"line":15,"column":0},"end":{"line":15,"column":null}},"8":{"start":{"line":17,"column":18},"end":{"line":21,"column":null}},"9":{"start":{"line":19,"column":4},"end":{"line":19,"column":null}},"10":{"start":{"line":22,"column":0},"end":{"line":22,"column":null}},"11":{"start":{"line":24,"column":24},"end":{"line":28,"column":null}},"12":{"start":{"line":26,"column":4},"end":{"line":26,"column":null}},"13":{"start":{"line":29,"column":0},"end":{"line":29,"column":null}},"14":{"start":{"line":31,"column":20},"end":{"line":33,"column":null}},"15":{"start":{"line":32,"column":36},"end":{"line":32,"column":null}},"16":{"start":{"line":34,"column":0},"end":{"line":34,"column":null}},"17":{"start":{"line":36,"column":19},"end":{"line":40,"column":null}},"18":{"start":{"line":38,"column":4},"end":{"line":38,"column":null}},"19":{"start":{"line":41,"column":0},"end":{"line":41,"column":null}}},"fnMap":{"0":{"name":"(anonymous_0)","decl":{"start":{"line":1,"column":23},"end":{"line":1,"column":null}},"loc":{"start":{"line":1,"column":23},"end":{"line":1,"column":null}},"line":1},"1":{"name":"(anonymous_1)","decl":{"start":{"line":5,"column":84},"end":{"line":5,"column":85}},"loc":{"start":{"line":6,"column":2},"end":{"line":6,"column":null}},"line":6},"2":{"name":"(anonymous_2)","decl":{"start":{"line":11,"column":2},"end":{"line":11,"column":3}},"loc":{"start":{"line":12,"column":4},"end":{"line":12,"column":null}},"line":12},"3":{"name":"(anonymous_3)","decl":{"start":{"line":18,"column":2},"end":{"line":18,"column":3}},"loc":{"start":{"line":19,"column":4},"end":{"line":19,"column":null}},"line":19},"4":{"name":"(anonymous_4)","decl":{"start":{"line":25,"column":2},"end":{"line":25,"column":3}},"loc":{"start":{"line":26,"column":4},"end":{"line":26,"column":null}},"line":26},"5":{"name":"(anonymous_5)","decl":{"start":{"line":32,"column":2},"end":{"line":32,"column":3}},"loc":{"start":{"line":32,"column":36},"end":{"line":32,"column":null}},"line":32},"6":{"name":"(anonymous_6)","decl":{"start":{"line":37,"column":2},"end":{"line":37,"column":3}},"loc":{"start":{"line":38,"column":4},"end":{"line":38,"column":null}},"line":38}},"branchMap":{"0":{"loc":{"start":{"line":1,"column":23},"end":{"line":1,"column":null}},"type":"cond-expr","locations":[{"start":{"line":1,"column":23},"end":{"line":1,"column":null}},{"start":{"line":1,"column":23},"end":{"line":1,"column":null}}],"line":1},"1":{"loc":{"start":{"line":1,"column":23},"end":{"line":1,"column":null}},"type":"binary-expr","locations":[{"start":{"line":1,"column":23},"end":{"line":1,"column":null}},{"start":{"line":1,"column":23},"end":{"line":1,"column":null}},{"start":{"line":1,"column":23},"end":{"line":1,"column":null}}],"line":1}},"s":{"0":1,"1":1,"2":1,"3":2,"4":1,"5":1,"6":2,"7":1,"8":1,"9":2,"10":1,"11":1,"12":2,"13":1,"14":1,"15":2,"16":1,"17":1,"18":1,"19":1},"f":{"0":1,"1":2,"2":2,"3":2,"4":2,"5":2,"6":1},"b":{"0":[1,1],"1":[1,1,0]},"meta":{"lastBranch":2,"lastFunction":7,"lastStatement":20,"seen":{"s:6:2:6:3":0,"s:1:23:1:Infinity":1,"f:1:23:1:Infinity":0,"b:1:23:1:Infinity:1:23:1:Infinity":0,"b:1:23:1:Infinity:1:23:1:Infinity:1:23:1:Infinity":1,"s:5:13:7:Infinity":2,"f:5:84:5:85":1,"s:6:2:6:Infinity":3,"s:8:0:8:Infinity":4,"s:10:19:14:Infinity":5,"f:11:2:11:3":2,"s:12:4:12:Infinity":6,"s:15:0:15:Infinity":7,"s:17:18:21:Infinity":8,"f:18:2:18:3":3,"s:19:4:19:Infinity":9,"s:22:0:22:Infinity":10,"s:24:24:28:Infinity":11,"f:25:2:25:3":4,"s:26:4:26:Infinity":12,"s:29:0:29:Infinity":13,"s:31:20:33:Infinity":14,"f:32:2:32:3":5,"s:32:36:32:Infinity":15,"s:34:0:34:Infinity":16,"s:36:19:40:Infinity":17,"f:37:2:37:3":6,"s:38:4:38:Infinity":18,"s:41:0:41:Infinity":19}}}
,"/Users/danstuart/Sites/work/uki-pune-workday/src/components/ui/checkbox/checkbox.tsx": {"path":"/Users/danstuart/Sites/work/uki-pune-workday/src/components/ui/checkbox/checkbox.tsx","statementMap":{"0":{"start":{"line":20,"column":6},"end":{"line":20,"column":7}},"1":{"start":{"line":1,"column":23},"end":{"line":1,"column":null}},"2":{"start":{"line":7,"column":17},"end":{"line":23,"column":null}},"3":{"start":{"line":11,"column":2},"end":{"line":22,"column":null}},"4":{"start":{"line":24,"column":0},"end":{"line":24,"column":null}}},"fnMap":{"0":{"name":"(anonymous_0)","decl":{"start":{"line":1,"column":23},"end":{"line":1,"column":null}},"loc":{"start":{"line":1,"column":23},"end":{"line":1,"column":null}},"line":1},"1":{"name":"(anonymous_1)","decl":{"start":{"line":10,"column":2},"end":{"line":10,"column":3}},"loc":{"start":{"line":11,"column":2},"end":{"line":22,"column":null}},"line":11}},"branchMap":{"0":{"loc":{"start":{"line":1,"column":23},"end":{"line":1,"column":null}},"type":"cond-expr","locations":[{"start":{"line":1,"column":23},"end":{"line":1,"column":null}},{"start":{"line":1,"column":23},"end":{"line":1,"column":null}}],"line":1},"1":{"loc":{"start":{"line":1,"column":23},"end":{"line":1,"column":null}},"type":"binary-expr","locations":[{"start":{"line":1,"column":23},"end":{"line":1,"column":null}},{"start":{"line":1,"column":23},"end":{"line":1,"column":null}},{"start":{"line":1,"column":23},"end":{"line":1,"column":null}}],"line":1}},"s":{"0":1,"1":1,"2":1,"3":4,"4":1},"f":{"0":1,"1":4},"b":{"0":[1,1],"1":[1,1,0]},"meta":{"lastBranch":2,"lastFunction":2,"lastStatement":5,"seen":{"s:20:6:20:7":0,"s:1:23:1:Infinity":1,"f:1:23:1:Infinity":0,"b:1:23:1:Infinity:1:23:1:Infinity":0,"b:1:23:1:Infinity:1:23:1:Infinity:1:23:1:Infinity":1,"s:7:17:23:Infinity":2,"f:10:2:10:3":1,"s:11:2:22:Infinity":3,"s:24:0:24:Infinity":4}}}
,"/Users/danstuart/Sites/work/uki-pune-workday/src/components/ui/collapsible/collapsible.tsx": {"path":"/Users/danstuart/Sites/work/uki-pune-workday/src/components/ui/collapsible/collapsible.tsx","statementMap":{"0":{"start":{"line":3,"column":20},"end":{"line":3,"column":null}},"1":{"start":{"line":5,"column":27},"end":{"line":5,"column":null}},"2":{"start":{"line":7,"column":27},"end":{"line":7,"column":null}}},"fnMap":{},"branchMap":{},"s":{"0":1,"1":1,"2":1},"f":{},"b":{},"meta":{"lastBranch":0,"lastFunction":0,"lastStatement":3,"seen":{"s:3:20:3:Infinity":0,"s:5:27:5:Infinity":1,"s:7:27:7:Infinity":2}}}
,"/Users/danstuart/Sites/work/uki-pune-workday/src/components/ui/context-menu/context-menu.tsx": {"path":"/Users/danstuart/Sites/work/uki-pune-workday/src/components/ui/context-menu/context-menu.tsx","statementMap":{"0":{"start":{"line":35,"column":4},"end":{"line":35,"column":5}},"1":{"start":{"line":1,"column":23},"end":{"line":1,"column":null}},"2":{"start":{"line":7,"column":20},"end":{"line":7,"column":null}},"3":{"start":{"line":9,"column":27},"end":{"line":9,"column":null}},"4":{"start":{"line":11,"column":25},"end":{"line":11,"column":null}},"5":{"start":{"line":13,"column":26},"end":{"line":13,"column":null}},"6":{"start":{"line":15,"column":23},"end":{"line":15,"column":null}},"7":{"start":{"line":17,"column":30},"end":{"line":17,"column":null}},"8":{"start":{"line":19,"column":30},"end":{"line":37,"column":null}},"9":{"start":{"line":25,"column":2},"end":{"line":36,"column":null}},"10":{"start":{"line":38,"column":0},"end":{"line":38,"column":null}},"11":{"start":{"line":40,"column":30},"end":{"line":52,"column":null}},"12":{"start":{"line":44,"column":2},"end":{"line":51,"column":null}},"13":{"start":{"line":53,"column":0},"end":{"line":53,"column":null}},"14":{"start":{"line":55,"column":27},"end":{"line":69,"column":null}},"15":{"start":{"line":59,"column":2},"end":{"line":68,"column":null}},"16":{"start":{"line":70,"column":0},"end":{"line":70,"column":null}},"17":{"start":{"line":72,"column":24},"end":{"line":87,"column":null}},"18":{"start":{"line":78,"column":2},"end":{"line":86,"column":null}},"19":{"start":{"line":88,"column":0},"end":{"line":88,"column":null}},"20":{"start":{"line":90,"column":32},"end":{"line":110,"column":null}},"21":{"start":{"line":94,"column":2},"end":{"line":109,"column":null}},"22":{"start":{"line":111,"column":0},"end":{"line":111,"column":null}},"23":{"start":{"line":113,"column":29},"end":{"line":132,"column":null}},"24":{"start":{"line":117,"column":2},"end":{"line":131,"column":null}},"25":{"start":{"line":133,"column":0},"end":{"line":133,"column":null}},"26":{"start":{"line":135,"column":25},"end":{"line":146,"column":null}},"27":{"start":{"line":141,"column":2},"end":{"line":145,"column":null}},"28":{"start":{"line":147,"column":0},"end":{"line":147,"column":null}},"29":{"start":{"line":149,"column":29},"end":{"line":154,"column":null}},"30":{"start":{"line":153,"column":2},"end":{"line":153,"column":null}},"31":{"start":{"line":155,"column":0},"end":{"line":155,"column":null}},"32":{"start":{"line":157,"column":28},"end":{"line":159,"column":null}},"33":{"start":{"line":158,"column":2},"end":{"line":158,"column":null}},"34":{"start":{"line":160,"column":0},"end":{"line":160,"column":null}}},"fnMap":{"0":{"name":"(anonymous_0)","decl":{"start":{"line":1,"column":23},"end":{"line":1,"column":null}},"loc":{"start":{"line":1,"column":23},"end":{"line":1,"column":null}},"line":1},"1":{"name":"(anonymous_1)","decl":{"start":{"line":24,"column":2},"end":{"line":24,"column":3}},"loc":{"start":{"line":25,"column":2},"end":{"line":36,"column":null}},"line":25},"2":{"name":"(anonymous_2)","decl":{"start":{"line":43,"column":2},"end":{"line":43,"column":3}},"loc":{"start":{"line":44,"column":2},"end":{"line":51,"column":null}},"line":44},"3":{"name":"(anonymous_3)","decl":{"start":{"line":58,"column":2},"end":{"line":58,"column":3}},"loc":{"start":{"line":59,"column":2},"end":{"line":68,"column":null}},"line":59},"4":{"name":"(anonymous_4)","decl":{"start":{"line":77,"column":2},"end":{"line":77,"column":3}},"loc":{"start":{"line":78,"column":2},"end":{"line":86,"column":null}},"line":78},"5":{"name":"(anonymous_5)","decl":{"start":{"line":93,"column":2},"end":{"line":93,"column":3}},"loc":{"start":{"line":94,"column":2},"end":{"line":109,"column":null}},"line":94},"6":{"name":"(anonymous_6)","decl":{"start":{"line":116,"column":2},"end":{"line":116,"column":3}},"loc":{"start":{"line":117,"column":2},"end":{"line":131,"column":null}},"line":117},"7":{"name":"(anonymous_7)","decl":{"start":{"line":140,"column":2},"end":{"line":140,"column":3}},"loc":{"start":{"line":141,"column":2},"end":{"line":145,"column":null}},"line":141},"8":{"name":"(anonymous_8)","decl":{"start":{"line":152,"column":2},"end":{"line":152,"column":3}},"loc":{"start":{"line":153,"column":2},"end":{"line":153,"column":null}},"line":153},"9":{"name":"(anonymous_9)","decl":{"start":{"line":157,"column":28},"end":{"line":157,"column":29}},"loc":{"start":{"line":157,"column":96},"end":{"line":159,"column":null}},"line":157}},"branchMap":{"0":{"loc":{"start":{"line":1,"column":23},"end":{"line":1,"column":null}},"type":"cond-expr","locations":[{"start":{"line":1,"column":23},"end":{"line":1,"column":null}},{"start":{"line":1,"column":23},"end":{"line":1,"column":null}}],"line":1},"1":{"loc":{"start":{"line":1,"column":23},"end":{"line":1,"column":null}},"type":"binary-expr","locations":[{"start":{"line":1,"column":23},"end":{"line":1,"column":null}},{"start":{"line":1,"column":23},"end":{"line":1,"column":null}},{"start":{"line":1,"column":23},"end":{"line":1,"column":null}}],"line":1},"2":{"loc":{"start":{"line":29,"column":6},"end":{"line":29,"column":null}},"type":"binary-expr","locations":[{"start":{"line":29,"column":6},"end":{"line":29,"column":15}},{"start":{"line":29,"column":15},"end":{"line":29,"column":null}}],"line":29},"3":{"loc":{"start":{"line":82,"column":6},"end":{"line":82,"column":null}},"type":"binary-expr","locations":[{"start":{"line":82,"column":6},"end":{"line":82,"column":15}},{"start":{"line":82,"column":15},"end":{"line":82,"column":null}}],"line":82},"4":{"loc":{"start":{"line":143,"column":71},"end":{"line":143,"column":88}},"type":"binary-expr","locations":[{"start":{"line":143,"column":71},"end":{"line":143,"column":80}},{"start":{"line":143,"column":80},"end":{"line":143,"column":88}}],"line":143}},"s":{"0":1,"1":1,"2":1,"3":1,"4":1,"5":1,"6":1,"7":1,"8":1,"9":0,"10":1,"11":1,"12":0,"13":1,"14":1,"15":1,"16":1,"17":1,"18":0,"19":1,"20":1,"21":0,"22":1,"23":1,"24":0,"25":1,"26":1,"27":0,"28":1,"29":1,"30":0,"31":1,"32":1,"33":0,"34":1},"f":{"0":1,"1":0,"2":0,"3":1,"4":0,"5":0,"6":0,"7":0,"8":0,"9":0},"b":{"0":[1,1],"1":[1,1,0],"2":[0,0],"3":[0,0],"4":[0,0]},"meta":{"lastBranch":5,"lastFunction":10,"lastStatement":35,"seen":{"s:35:4:35:5":0,"s:1:23:1:Infinity":1,"f:1:23:1:Infinity":0,"b:1:23:1:Infinity:1:23:1:Infinity":0,"b:1:23:1:Infinity:1:23:1:Infinity:1:23:1:Infinity":1,"s:7:20:7:Infinity":2,"s:9:27:9:Infinity":3,"s:11:25:11:Infinity":4,"s:13:26:13:Infinity":5,"s:15:23:15:Infinity":6,"s:17:30:17:Infinity":7,"s:19:30:37:Infinity":8,"f:24:2:24:3":1,"s:25:2:36:Infinity":9,"b:29:6:29:15:29:15:29:Infinity":2,"s:38:0:38:Infinity":10,"s:40:30:52:Infinity":11,"f:43:2:43:3":2,"s:44:2:51:Infinity":12,"s:53:0:53:Infinity":13,"s:55:27:69:Infinity":14,"f:58:2:58:3":3,"s:59:2:68:Infinity":15,"s:70:0:70:Infinity":16,"s:72:24:87:Infinity":17,"f:77:2:77:3":4,"s:78:2:86:Infinity":18,"b:82:6:82:15:82:15:82:Infinity":3,"s:88:0:88:Infinity":19,"s:90:32:110:Infinity":20,"f:93:2:93:3":5,"s:94:2:109:Infinity":21,"s:111:0:111:Infinity":22,"s:113:29:132:Infinity":23,"f:116:2:116:3":6,"s:117:2:131:Infinity":24,"s:133:0:133:Infinity":25,"s:135:25:146:Infinity":26,"f:140:2:140:3":7,"s:141:2:145:Infinity":27,"b:143:71:143:80:143:80:143:88":4,"s:147:0:147:Infinity":28,"s:149:29:154:Infinity":29,"f:152:2:152:3":8,"s:153:2:153:Infinity":30,"s:155:0:155:Infinity":31,"s:157:28:159:Infinity":32,"f:157:28:157:29":9,"s:158:2:158:Infinity":33,"s:160:0:160:Infinity":34}}}
,"/Users/danstuart/Sites/work/uki-pune-workday/src/components/ui/dialog/dialog.tsx": {"path":"/Users/danstuart/Sites/work/uki-pune-workday/src/components/ui/dialog/dialog.tsx","statementMap":{"0":{"start":{"line":19,"column":2},"end":{"line":19,"column":3}},"1":{"start":{"line":1,"column":23},"end":{"line":1,"column":null}},"2":{"start":{"line":7,"column":15},"end":{"line":7,"column":null}},"3":{"start":{"line":9,"column":22},"end":{"line":9,"column":null}},"4":{"start":{"line":11,"column":21},"end":{"line":11,"column":null}},"5":{"start":{"line":13,"column":20},"end":{"line":13,"column":null}},"6":{"start":{"line":15,"column":22},"end":{"line":27,"column":null}},"7":{"start":{"line":19,"column":2},"end":{"line":26,"column":null}},"8":{"start":{"line":28,"column":0},"end":{"line":28,"column":null}},"9":{"start":{"line":30,"column":22},"end":{"line":51,"column":null}},"10":{"start":{"line":34,"column":2},"end":{"line":50,"column":null}},"11":{"start":{"line":52,"column":0},"end":{"line":52,"column":null}},"12":{"start":{"line":54,"column":21},"end":{"line":55,"column":null}},"13":{"start":{"line":55,"column":2},"end":{"line":55,"column":null}},"14":{"start":{"line":57,"column":0},"end":{"line":57,"column":null}},"15":{"start":{"line":59,"column":21},"end":{"line":60,"column":null}},"16":{"start":{"line":60,"column":2},"end":{"line":60,"column":null}},"17":{"start":{"line":62,"column":0},"end":{"line":62,"column":null}},"18":{"start":{"line":64,"column":20},"end":{"line":73,"column":null}},"19":{"start":{"line":68,"column":2},"end":{"line":72,"column":null}},"20":{"start":{"line":74,"column":0},"end":{"line":74,"column":null}},"21":{"start":{"line":76,"column":26},"end":{"line":81,"column":null}},"22":{"start":{"line":80,"column":2},"end":{"line":80,"column":null}},"23":{"start":{"line":82,"column":0},"end":{"line":82,"column":null}}},"fnMap":{"0":{"name":"(anonymous_0)","decl":{"start":{"line":1,"column":23},"end":{"line":1,"column":null}},"loc":{"start":{"line":1,"column":23},"end":{"line":1,"column":null}},"line":1},"1":{"name":"(anonymous_1)","decl":{"start":{"line":18,"column":2},"end":{"line":18,"column":3}},"loc":{"start":{"line":19,"column":2},"end":{"line":26,"column":null}},"line":19},"2":{"name":"(anonymous_2)","decl":{"start":{"line":33,"column":2},"end":{"line":33,"column":3}},"loc":{"start":{"line":34,"column":2},"end":{"line":50,"column":null}},"line":34},"3":{"name":"(anonymous_3)","decl":{"start":{"line":54,"column":21},"end":{"line":54,"column":22}},"loc":{"start":{"line":55,"column":2},"end":{"line":55,"column":null}},"line":55},"4":{"name":"(anonymous_4)","decl":{"start":{"line":59,"column":21},"end":{"line":59,"column":22}},"loc":{"start":{"line":60,"column":2},"end":{"line":60,"column":null}},"line":60},"5":{"name":"(anonymous_5)","decl":{"start":{"line":67,"column":2},"end":{"line":67,"column":3}},"loc":{"start":{"line":68,"column":2},"end":{"line":72,"column":null}},"line":68},"6":{"name":"(anonymous_6)","decl":{"start":{"line":79,"column":2},"end":{"line":79,"column":3}},"loc":{"start":{"line":80,"column":2},"end":{"line":80,"column":null}},"line":80}},"branchMap":{"0":{"loc":{"start":{"line":1,"column":23},"end":{"line":1,"column":null}},"type":"cond-expr","locations":[{"start":{"line":1,"column":23},"end":{"line":1,"column":null}},{"start":{"line":1,"column":23},"end":{"line":1,"column":null}}],"line":1},"1":{"loc":{"start":{"line":1,"column":23},"end":{"line":1,"column":null}},"type":"binary-expr","locations":[{"start":{"line":1,"column":23},"end":{"line":1,"column":null}},{"start":{"line":1,"column":23},"end":{"line":1,"column":null}},{"start":{"line":1,"column":23},"end":{"line":1,"column":null}}],"line":1}},"s":{"0":1,"1":1,"2":1,"3":1,"4":1,"5":1,"6":1,"7":0,"8":1,"9":1,"10":2,"11":1,"12":1,"13":0,"14":1,"15":1,"16":0,"17":1,"18":1,"19":0,"20":1,"21":1,"22":0,"23":1},"f":{"0":1,"1":0,"2":2,"3":0,"4":0,"5":0,"6":0},"b":{"0":[1,1],"1":[1,1,0]},"meta":{"lastBranch":2,"lastFunction":7,"lastStatement":24,"seen":{"s:19:2:19:3":0,"s:1:23:1:Infinity":1,"f:1:23:1:Infinity":0,"b:1:23:1:Infinity:1:23:1:Infinity":0,"b:1:23:1:Infinity:1:23:1:Infinity:1:23:1:Infinity":1,"s:7:15:7:Infinity":2,"s:9:22:9:Infinity":3,"s:11:21:11:Infinity":4,"s:13:20:13:Infinity":5,"s:15:22:27:Infinity":6,"f:18:2:18:3":1,"s:19:2:26:Infinity":7,"s:28:0:28:Infinity":8,"s:30:22:51:Infinity":9,"f:33:2:33:3":2,"s:34:2:50:Infinity":10,"s:52:0:52:Infinity":11,"s:54:21:55:Infinity":12,"f:54:21:54:22":3,"s:55:2:55:Infinity":13,"s:57:0:57:Infinity":14,"s:59:21:60:Infinity":15,"f:59:21:59:22":4,"s:60:2:60:Infinity":16,"s:62:0:62:Infinity":17,"s:64:20:73:Infinity":18,"f:67:2:67:3":5,"s:68:2:72:Infinity":19,"s:74:0:74:Infinity":20,"s:76:26:81:Infinity":21,"f:79:2:79:3":6,"s:80:2:80:Infinity":22,"s:82:0:82:Infinity":23}}}
,"/Users/danstuart/Sites/work/uki-pune-workday/src/components/ui/dropdown-menu/dropdown-menu.tsx": {"path":"/Users/danstuart/Sites/work/uki-pune-workday/src/components/ui/dropdown-menu/dropdown-menu.tsx","statementMap":{"0":{"start":{"line":35,"column":4},"end":{"line":35,"column":5}},"1":{"start":{"line":1,"column":23},"end":{"line":1,"column":null}},"2":{"start":{"line":7,"column":21},"end":{"line":7,"column":null}},"3":{"start":{"line":9,"column":28},"end":{"line":9,"column":null}},"4":{"start":{"line":11,"column":26},"end":{"line":11,"column":null}},"5":{"start":{"line":13,"column":27},"end":{"line":13,"column":null}},"6":{"start":{"line":15,"column":24},"end":{"line":15,"column":null}},"7":{"start":{"line":17,"column":31},"end":{"line":17,"column":null}},"8":{"start":{"line":19,"column":31},"end":{"line":37,"column":null}},"9":{"start":{"line":25,"column":2},"end":{"line":36,"column":null}},"10":{"start":{"line":38,"column":0},"end":{"line":38,"column":null}},"11":{"start":{"line":40,"column":31},"end":{"line":52,"column":null}},"12":{"start":{"line":44,"column":2},"end":{"line":51,"column":null}},"13":{"start":{"line":53,"column":0},"end":{"line":53,"column":null}},"14":{"start":{"line":55,"column":28},"end":{"line":70,"column":null}},"15":{"start":{"line":59,"column":2},"end":{"line":69,"column":null}},"16":{"start":{"line":71,"column":0},"end":{"line":71,"column":null}},"17":{"start":{"line":73,"column":25},"end":{"line":88,"column":null}},"18":{"start":{"line":79,"column":2},"end":{"line":87,"column":null}},"19":{"start":{"line":89,"column":0},"end":{"line":89,"column":null}},"20":{"start":{"line":91,"column":33},"end":{"line":111,"column":null}},"21":{"start":{"line":95,"column":2},"end":{"line":110,"column":null}},"22":{"start":{"line":112,"column":0},"end":{"line":112,"column":null}},"23":{"start":{"line":114,"column":30},"end":{"line":133,"column":null}},"24":{"start":{"line":118,"column":2},"end":{"line":132,"column":null}},"25":{"start":{"line":134,"column":0},"end":{"line":134,"column":null}},"26":{"start":{"line":136,"column":26},"end":{"line":147,"column":null}},"27":{"start":{"line":142,"column":2},"end":{"line":146,"column":null}},"28":{"start":{"line":148,"column":0},"end":{"line":148,"column":null}},"29":{"start":{"line":150,"column":30},"end":{"line":155,"column":null}},"30":{"start":{"line":154,"column":2},"end":{"line":154,"column":null}},"31":{"start":{"line":156,"column":0},"end":{"line":156,"column":null}},"32":{"start":{"line":158,"column":29},"end":{"line":160,"column":null}},"33":{"start":{"line":159,"column":2},"end":{"line":159,"column":null}},"34":{"start":{"line":161,"column":0},"end":{"line":161,"column":null}}},"fnMap":{"0":{"name":"(anonymous_0)","decl":{"start":{"line":1,"column":23},"end":{"line":1,"column":null}},"loc":{"start":{"line":1,"column":23},"end":{"line":1,"column":null}},"line":1},"1":{"name":"(anonymous_1)","decl":{"start":{"line":24,"column":2},"end":{"line":24,"column":3}},"loc":{"start":{"line":25,"column":2},"end":{"line":36,"column":null}},"line":25},"2":{"name":"(anonymous_2)","decl":{"start":{"line":43,"column":2},"end":{"line":43,"column":3}},"loc":{"start":{"line":44,"column":2},"end":{"line":51,"column":null}},"line":44},"3":{"name":"(anonymous_3)","decl":{"start":{"line":58,"column":2},"end":{"line":58,"column":3}},"loc":{"start":{"line":59,"column":2},"end":{"line":69,"column":null}},"line":59},"4":{"name":"(anonymous_4)","decl":{"start":{"line":78,"column":2},"end":{"line":78,"column":3}},"loc":{"start":{"line":79,"column":2},"end":{"line":87,"column":null}},"line":79},"5":{"name":"(anonymous_5)","decl":{"start":{"line":94,"column":2},"end":{"line":94,"column":3}},"loc":{"start":{"line":95,"column":2},"end":{"line":110,"column":null}},"line":95},"6":{"name":"(anonymous_6)","decl":{"start":{"line":117,"column":2},"end":{"line":117,"column":3}},"loc":{"start":{"line":118,"column":2},"end":{"line":132,"column":null}},"line":118},"7":{"name":"(anonymous_7)","decl":{"start":{"line":141,"column":2},"end":{"line":141,"column":3}},"loc":{"start":{"line":142,"column":2},"end":{"line":146,"column":null}},"line":142},"8":{"name":"(anonymous_8)","decl":{"start":{"line":153,"column":2},"end":{"line":153,"column":3}},"loc":{"start":{"line":154,"column":2},"end":{"line":154,"column":null}},"line":154},"9":{"name":"(anonymous_9)","decl":{"start":{"line":158,"column":29},"end":{"line":158,"column":30}},"loc":{"start":{"line":158,"column":97},"end":{"line":160,"column":null}},"line":158}},"branchMap":{"0":{"loc":{"start":{"line":1,"column":23},"end":{"line":1,"column":null}},"type":"cond-expr","locations":[{"start":{"line":1,"column":23},"end":{"line":1,"column":null}},{"start":{"line":1,"column":23},"end":{"line":1,"column":null}}],"line":1},"1":{"loc":{"start":{"line":1,"column":23},"end":{"line":1,"column":null}},"type":"binary-expr","locations":[{"start":{"line":1,"column":23},"end":{"line":1,"column":null}},{"start":{"line":1,"column":23},"end":{"line":1,"column":null}},{"start":{"line":1,"column":23},"end":{"line":1,"column":null}}],"line":1},"2":{"loc":{"start":{"line":29,"column":6},"end":{"line":29,"column":null}},"type":"binary-expr","locations":[{"start":{"line":29,"column":6},"end":{"line":29,"column":15}},{"start":{"line":29,"column":15},"end":{"line":29,"column":null}}],"line":29},"3":{"loc":{"start":{"line":58,"column":16},"end":{"line":58,"column":32}},"type":"default-arg","locations":[{"start":{"line":58,"column":29},"end":{"line":58,"column":32}}],"line":58},"4":{"loc":{"start":{"line":83,"column":6},"end":{"line":83,"column":null}},"type":"binary-expr","locations":[{"start":{"line":83,"column":6},"end":{"line":83,"column":15}},{"start":{"line":83,"column":15},"end":{"line":83,"column":null}}],"line":83},"5":{"loc":{"start":{"line":144,"column":55},"end":{"line":144,"column":72}},"type":"binary-expr","locations":[{"start":{"line":144,"column":55},"end":{"line":144,"column":64}},{"start":{"line":144,"column":64},"end":{"line":144,"column":72}}],"line":144}},"s":{"0":1,"1":1,"2":1,"3":1,"4":1,"5":1,"6":1,"7":1,"8":1,"9":0,"10":1,"11":1,"12":0,"13":1,"14":1,"15":1,"16":1,"17":1,"18":0,"19":1,"20":1,"21":0,"22":1,"23":1,"24":0,"25":1,"26":1,"27":0,"28":1,"29":1,"30":0,"31":1,"32":1,"33":0,"34":1},"f":{"0":1,"1":0,"2":0,"3":1,"4":0,"5":0,"6":0,"7":0,"8":0,"9":0},"b":{"0":[1,1],"1":[1,1,0],"2":[0,0],"3":[1],"4":[0,0],"5":[0,0]},"meta":{"lastBranch":6,"lastFunction":10,"lastStatement":35,"seen":{"s:35:4:35:5":0,"s:1:23:1:Infinity":1,"f:1:23:1:Infinity":0,"b:1:23:1:Infinity:1:23:1:Infinity":0,"b:1:23:1:Infinity:1:23:1:Infinity:1:23:1:Infinity":1,"s:7:21:7:Infinity":2,"s:9:28:9:Infinity":3,"s:11:26:11:Infinity":4,"s:13:27:13:Infinity":5,"s:15:24:15:Infinity":6,"s:17:31:17:Infinity":7,"s:19:31:37:Infinity":8,"f:24:2:24:3":1,"s:25:2:36:Infinity":9,"b:29:6:29:15:29:15:29:Infinity":2,"s:38:0:38:Infinity":10,"s:40:31:52:Infinity":11,"f:43:2:43:3":2,"s:44:2:51:Infinity":12,"s:53:0:53:Infinity":13,"s:55:28:70:Infinity":14,"f:58:2:58:3":3,"s:59:2:69:Infinity":15,"b:58:29:58:32":3,"s:71:0:71:Infinity":16,"s:73:25:88:Infinity":17,"f:78:2:78:3":4,"s:79:2:87:Infinity":18,"b:83:6:83:15:83:15:83:Infinity":4,"s:89:0:89:Infinity":19,"s:91:33:111:Infinity":20,"f:94:2:94:3":5,"s:95:2:110:Infinity":21,"s:112:0:112:Infinity":22,"s:114:30:133:Infinity":23,"f:117:2:117:3":6,"s:118:2:132:Infinity":24,"s:134:0:134:Infinity":25,"s:136:26:147:Infinity":26,"f:141:2:141:3":7,"s:142:2:146:Infinity":27,"b:144:55:144:64:144:64:144:72":5,"s:148:0:148:Infinity":28,"s:150:30:155:Infinity":29,"f:153:2:153:3":8,"s:154:2:154:Infinity":30,"s:156:0:156:Infinity":31,"s:158:29:160:Infinity":32,"f:158:29:158:30":9,"s:159:2:159:Infinity":33,"s:161:0:161:Infinity":34}}}
,"/Users/danstuart/Sites/work/uki-pune-workday/src/components/ui/hover-card/hover-card.tsx": {"path":"/Users/danstuart/Sites/work/uki-pune-workday/src/components/ui/hover-card/hover-card.tsx","statementMap":{"0":{"start":{"line":14,"column":2},"end":{"line":14,"column":3}},"1":{"start":{"line":1,"column":23},"end":{"line":1,"column":null}},"2":{"start":{"line":6,"column":18},"end":{"line":6,"column":null}},"3":{"start":{"line":8,"column":25},"end":{"line":8,"column":null}},"4":{"start":{"line":10,"column":25},"end":{"line":24,"column":null}},"5":{"start":{"line":14,"column":2},"end":{"line":23,"column":null}},"6":{"start":{"line":25,"column":0},"end":{"line":25,"column":null}}},"fnMap":{"0":{"name":"(anonymous_0)","decl":{"start":{"line":1,"column":23},"end":{"line":1,"column":null}},"loc":{"start":{"line":1,"column":23},"end":{"line":1,"column":null}},"line":1},"1":{"name":"(anonymous_1)","decl":{"start":{"line":13,"column":2},"end":{"line":13,"column":3}},"loc":{"start":{"line":14,"column":2},"end":{"line":23,"column":null}},"line":14}},"branchMap":{"0":{"loc":{"start":{"line":1,"column":23},"end":{"line":1,"column":null}},"type":"cond-expr","locations":[{"start":{"line":1,"column":23},"end":{"line":1,"column":null}},{"start":{"line":1,"column":23},"end":{"line":1,"column":null}}],"line":1},"1":{"loc":{"start":{"line":1,"column":23},"end":{"line":1,"column":null}},"type":"binary-expr","locations":[{"start":{"line":1,"column":23},"end":{"line":1,"column":null}},{"start":{"line":1,"column":23},"end":{"line":1,"column":null}},{"start":{"line":1,"column":23},"end":{"line":1,"column":null}}],"line":1},"2":{"loc":{"start":{"line":13,"column":16},"end":{"line":13,"column":34}},"type":"default-arg","locations":[{"start":{"line":13,"column":24},"end":{"line":13,"column":34}}],"line":13},"3":{"loc":{"start":{"line":13,"column":34},"end":{"line":13,"column":50}},"type":"default-arg","locations":[{"start":{"line":13,"column":47},"end":{"line":13,"column":50}}],"line":13}},"s":{"0":1,"1":1,"2":1,"3":1,"4":1,"5":1,"6":1},"f":{"0":1,"1":1},"b":{"0":[1,1],"1":[1,1,0],"2":[1],"3":[1]},"meta":{"lastBranch":4,"lastFunction":2,"lastStatement":7,"seen":{"s:14:2:14:3":0,"s:1:23:1:Infinity":1,"f:1:23:1:Infinity":0,"b:1:23:1:Infinity:1:23:1:Infinity":0,"b:1:23:1:Infinity:1:23:1:Infinity:1:23:1:Infinity":1,"s:6:18:6:Infinity":2,"s:8:25:8:Infinity":3,"s:10:25:24:Infinity":4,"f:13:2:13:3":1,"s:14:2:23:Infinity":5,"b:13:24:13:34":2,"b:13:47:13:50":3,"s:25:0:25:Infinity":6}}}
,"/Users/danstuart/Sites/work/uki-pune-workday/src/components/ui/input/input.tsx": {"path":"/Users/danstuart/Sites/work/uki-pune-workday/src/components/ui/input/input.tsx","statementMap":{"0":{"start":{"line":8,"column":6},"end":{"line":8,"column":7}},"1":{"start":{"line":1,"column":23},"end":{"line":1,"column":null}},"2":{"start":{"line":5,"column":14},"end":{"line":19,"column":null}},"3":{"start":{"line":7,"column":4},"end":{"line":16,"column":null}},"4":{"start":{"line":20,"column":0},"end":{"line":20,"column":null}}},"fnMap":{"0":{"name":"(anonymous_0)","decl":{"start":{"line":1,"column":23},"end":{"line":1,"column":null}},"loc":{"start":{"line":1,"column":23},"end":{"line":1,"column":null}},"line":1},"1":{"name":"(anonymous_1)","decl":{"start":{"line":6,"column":2},"end":{"line":6,"column":3}},"loc":{"start":{"line":6,"column":42},"end":{"line":18,"column":null}},"line":6}},"branchMap":{"0":{"loc":{"start":{"line":1,"column":23},"end":{"line":1,"column":null}},"type":"cond-expr","locations":[{"start":{"line":1,"column":23},"end":{"line":1,"column":null}},{"start":{"line":1,"column":23},"end":{"line":1,"column":null}}],"line":1},"1":{"loc":{"start":{"line":1,"column":23},"end":{"line":1,"column":null}},"type":"binary-expr","locations":[{"start":{"line":1,"column":23},"end":{"line":1,"column":null}},{"start":{"line":1,"column":23},"end":{"line":1,"column":null}},{"start":{"line":1,"column":23},"end":{"line":1,"column":null}}],"line":1}},"s":{"0":1,"1":1,"2":1,"3":4,"4":1},"f":{"0":1,"1":4},"b":{"0":[1,1],"1":[1,1,0]},"meta":{"lastBranch":2,"lastFunction":2,"lastStatement":5,"seen":{"s:8:6:8:7":0,"s:1:23:1:Infinity":1,"f:1:23:1:Infinity":0,"b:1:23:1:Infinity:1:23:1:Infinity":0,"b:1:23:1:Infinity:1:23:1:Infinity:1:23:1:Infinity":1,"s:5:14:19:Infinity":2,"f:6:2:6:3":1,"s:7:4:16:Infinity":3,"s:20:0:20:Infinity":4}}}
,"/Users/danstuart/Sites/work/uki-pune-workday/src/components/ui/label/label.tsx": {"path":"/Users/danstuart/Sites/work/uki-pune-workday/src/components/ui/label/label.tsx","statementMap":{"0":{"start":{"line":13,"column":2},"end":{"line":13,"column":3}},"1":{"start":{"line":1,"column":23},"end":{"line":1,"column":null}},"2":{"start":{"line":7,"column":22},"end":{"line":7,"column":null}},"3":{"start":{"line":9,"column":14},"end":{"line":14,"column":null}},"4":{"start":{"line":13,"column":2},"end":{"line":13,"column":null}},"5":{"start":{"line":15,"column":0},"end":{"line":15,"column":null}}},"fnMap":{"0":{"name":"(anonymous_0)","decl":{"start":{"line":1,"column":23},"end":{"line":1,"column":null}},"loc":{"start":{"line":1,"column":23},"end":{"line":1,"column":null}},"line":1},"1":{"name":"(anonymous_1)","decl":{"start":{"line":12,"column":2},"end":{"line":12,"column":3}},"loc":{"start":{"line":13,"column":2},"end":{"line":13,"column":null}},"line":13}},"branchMap":{"0":{"loc":{"start":{"line":1,"column":23},"end":{"line":1,"column":null}},"type":"cond-expr","locations":[{"start":{"line":1,"column":23},"end":{"line":1,"column":null}},{"start":{"line":1,"column":23},"end":{"line":1,"column":null}}],"line":1},"1":{"loc":{"start":{"line":1,"column":23},"end":{"line":1,"column":null}},"type":"binary-expr","locations":[{"start":{"line":1,"column":23},"end":{"line":1,"column":null}},{"start":{"line":1,"column":23},"end":{"line":1,"column":null}},{"start":{"line":1,"column":23},"end":{"line":1,"column":null}}],"line":1}},"s":{"0":4,"1":4,"2":4,"3":4,"4":6,"5":4},"f":{"0":4,"1":6},"b":{"0":[4,4],"1":[4,4,0]},"meta":{"lastBranch":2,"lastFunction":2,"lastStatement":6,"seen":{"s:13:2:13:3":0,"s:1:23:1:Infinity":1,"f:1:23:1:Infinity":0,"b:1:23:1:Infinity:1:23:1:Infinity":0,"b:1:23:1:Infinity:1:23:1:Infinity:1:23:1:Infinity":1,"s:7:22:7:Infinity":2,"s:9:14:14:Infinity":3,"f:12:2:12:3":1,"s:13:2:13:Infinity":4,"s:15:0:15:Infinity":5}}}
,"/Users/danstuart/Sites/work/uki-pune-workday/src/components/ui/popover/popover.tsx": {"path":"/Users/danstuart/Sites/work/uki-pune-workday/src/components/ui/popover/popover.tsx","statementMap":{"0":{"start":{"line":15,"column":4},"end":{"line":15,"column":5}},"1":{"start":{"line":1,"column":23},"end":{"line":1,"column":null}},"2":{"start":{"line":6,"column":16},"end":{"line":6,"column":null}},"3":{"start":{"line":8,"column":23},"end":{"line":8,"column":null}},"4":{"start":{"line":10,"column":23},"end":{"line":26,"column":null}},"5":{"start":{"line":14,"column":2},"end":{"line":25,"column":null}},"6":{"start":{"line":27,"column":0},"end":{"line":27,"column":null}}},"fnMap":{"0":{"name":"(anonymous_0)","decl":{"start":{"line":1,"column":23},"end":{"line":1,"column":null}},"loc":{"start":{"line":1,"column":23},"end":{"line":1,"column":null}},"line":1},"1":{"name":"(anonymous_1)","decl":{"start":{"line":13,"column":2},"end":{"line":13,"column":3}},"loc":{"start":{"line":14,"column":2},"end":{"line":25,"column":null}},"line":14}},"branchMap":{"0":{"loc":{"start":{"line":1,"column":23},"end":{"line":1,"column":null}},"type":"cond-expr","locations":[{"start":{"line":1,"column":23},"end":{"line":1,"column":null}},{"start":{"line":1,"column":23},"end":{"line":1,"column":null}}],"line":1},"1":{"loc":{"start":{"line":1,"column":23},"end":{"line":1,"column":null}},"type":"binary-expr","locations":[{"start":{"line":1,"column":23},"end":{"line":1,"column":null}},{"start":{"line":1,"column":23},"end":{"line":1,"column":null}},{"start":{"line":1,"column":23},"end":{"line":1,"column":null}}],"line":1},"2":{"loc":{"start":{"line":13,"column":16},"end":{"line":13,"column":34}},"type":"default-arg","locations":[{"start":{"line":13,"column":24},"end":{"line":13,"column":34}}],"line":13},"3":{"loc":{"start":{"line":13,"column":34},"end":{"line":13,"column":50}},"type":"default-arg","locations":[{"start":{"line":13,"column":47},"end":{"line":13,"column":50}}],"line":13}},"s":{"0":1,"1":1,"2":1,"3":1,"4":1,"5":1,"6":1},"f":{"0":1,"1":1},"b":{"0":[1,1],"1":[1,1,0],"2":[1],"3":[1]},"meta":{"lastBranch":4,"lastFunction":2,"lastStatement":7,"seen":{"s:15:4:15:5":0,"s:1:23:1:Infinity":1,"f:1:23:1:Infinity":0,"b:1:23:1:Infinity:1:23:1:Infinity":0,"b:1:23:1:Infinity:1:23:1:Infinity:1:23:1:Infinity":1,"s:6:16:6:Infinity":2,"s:8:23:8:Infinity":3,"s:10:23:26:Infinity":4,"f:13:2:13:3":1,"s:14:2:25:Infinity":5,"b:13:24:13:34":2,"b:13:47:13:50":3,"s:27:0:27:Infinity":6}}}
,"/Users/danstuart/Sites/work/uki-pune-workday/src/components/ui/progress/progress.tsx": {"path":"/Users/danstuart/Sites/work/uki-pune-workday/src/components/ui/progress/progress.tsx","statementMap":{"0":{"start":{"line":15,"column":4},"end":{"line":15,"column":5}},"1":{"start":{"line":1,"column":23},"end":{"line":1,"column":null}},"2":{"start":{"line":6,"column":17},"end":{"line":20,"column":null}},"3":{"start":{"line":10,"column":2},"end":{"line":19,"column":null}},"4":{"start":{"line":21,"column":0},"end":{"line":21,"column":null}}},"fnMap":{"0":{"name":"(anonymous_0)","decl":{"start":{"line":1,"column":23},"end":{"line":1,"column":null}},"loc":{"start":{"line":1,"column":23},"end":{"line":1,"column":null}},"line":1},"1":{"name":"(anonymous_1)","decl":{"start":{"line":9,"column":2},"end":{"line":9,"column":3}},"loc":{"start":{"line":10,"column":2},"end":{"line":19,"column":null}},"line":10}},"branchMap":{"0":{"loc":{"start":{"line":1,"column":23},"end":{"line":1,"column":null}},"type":"cond-expr","locations":[{"start":{"line":1,"column":23},"end":{"line":1,"column":null}},{"start":{"line":1,"column":23},"end":{"line":1,"column":null}}],"line":1},"1":{"loc":{"start":{"line":1,"column":23},"end":{"line":1,"column":null}},"type":"binary-expr","locations":[{"start":{"line":1,"column":23},"end":{"line":1,"column":null}},{"start":{"line":1,"column":23},"end":{"line":1,"column":null}},{"start":{"line":1,"column":23},"end":{"line":1,"column":null}}],"line":1},"2":{"loc":{"start":{"line":17,"column":48},"end":{"line":17,"column":59}},"type":"binary-expr","locations":[{"start":{"line":17,"column":48},"end":{"line":17,"column":57}},{"start":{"line":17,"column":57},"end":{"line":17,"column":59}}],"line":17}},"s":{"0":1,"1":1,"2":1,"3":3,"4":1},"f":{"0":1,"1":3},"b":{"0":[1,1],"1":[1,1,0],"2":[3,1]},"meta":{"lastBranch":3,"lastFunction":2,"lastStatement":5,"seen":{"s:15:4:15:5":0,"s:1:23:1:Infinity":1,"f:1:23:1:Infinity":0,"b:1:23:1:Infinity:1:23:1:Infinity":0,"b:1:23:1:Infinity:1:23:1:Infinity:1:23:1:Infinity":1,"s:6:17:20:Infinity":2,"f:9:2:9:3":1,"s:10:2:19:Infinity":3,"b:17:48:17:57:17:57:17:59":2,"s:21:0:21:Infinity":4}}}
,"/Users/danstuart/Sites/work/uki-pune-workday/src/components/ui/radio-group/radio-group.tsx": {"path":"/Users/danstuart/Sites/work/uki-pune-workday/src/components/ui/radio-group/radio-group.tsx","statementMap":{"0":{"start":{"line":11,"column":9},"end":{"line":11,"column":10}},"1":{"start":{"line":1,"column":23},"end":{"line":1,"column":null}},"2":{"start":{"line":7,"column":19},"end":{"line":12,"column":null}},"3":{"start":{"line":11,"column":2},"end":{"line":11,"column":null}},"4":{"start":{"line":13,"column":0},"end":{"line":13,"column":null}},"5":{"start":{"line":15,"column":23},"end":{"line":33,"column":null}},"6":{"start":{"line":19,"column":2},"end":{"line":31,"column":null}},"7":{"start":{"line":34,"column":0},"end":{"line":34,"column":null}}},"fnMap":{"0":{"name":"(anonymous_0)","decl":{"start":{"line":1,"column":23},"end":{"line":1,"column":null}},"loc":{"start":{"line":1,"column":23},"end":{"line":1,"column":null}},"line":1},"1":{"name":"(anonymous_1)","decl":{"start":{"line":10,"column":2},"end":{"line":10,"column":3}},"loc":{"start":{"line":10,"column":36},"end":{"line":12,"column":1}},"line":10},"2":{"name":"(anonymous_2)","decl":{"start":{"line":18,"column":2},"end":{"line":18,"column":3}},"loc":{"start":{"line":18,"column":36},"end":{"line":33,"column":1}},"line":18}},"branchMap":{"0":{"loc":{"start":{"line":1,"column":23},"end":{"line":1,"column":null}},"type":"cond-expr","locations":[{"start":{"line":1,"column":23},"end":{"line":1,"column":null}},{"start":{"line":1,"column":23},"end":{"line":1,"column":null}}],"line":1},"1":{"loc":{"start":{"line":1,"column":23},"end":{"line":1,"column":null}},"type":"binary-expr","locations":[{"start":{"line":1,"column":23},"end":{"line":1,"column":null}},{"start":{"line":1,"column":23},"end":{"line":1,"column":null}},{"start":{"line":1,"column":23},"end":{"line":1,"column":null}}],"line":1}},"s":{"0":1,"1":1,"2":1,"3":1,"4":1,"5":1,"6":2,"7":1},"f":{"0":1,"1":1,"2":2},"b":{"0":[1,1],"1":[1,1,0]},"meta":{"lastBranch":2,"lastFunction":3,"lastStatement":8,"seen":{"s:11:9:11:10":0,"s:1:23:1:Infinity":1,"f:1:23:1:Infinity":0,"b:1:23:1:Infinity:1:23:1:Infinity":0,"b:1:23:1:Infinity:1:23:1:Infinity:1:23:1:Infinity":1,"s:7:19:12:Infinity":2,"f:10:2:10:3":1,"s:11:2:11:Infinity":3,"s:13:0:13:Infinity":4,"s:15:23:33:Infinity":5,"f:18:2:18:3":2,"s:19:2:31:Infinity":6,"s:34:0:34:Infinity":7}}}
,"/Users/danstuart/Sites/work/uki-pune-workday/src/components/ui/scroll-area/scroll-area.tsx": {"path":"/Users/danstuart/Sites/work/uki-pune-workday/src/components/ui/scroll-area/scroll-area.tsx","statementMap":{"0":{"start":{"line":11,"column":4},"end":{"line":11,"column":5}},"1":{"start":{"line":1,"column":23},"end":{"line":1,"column":null}},"2":{"start":{"line":6,"column":19},"end":{"line":15,"column":null}},"3":{"start":{"line":10,"column":2},"end":{"line":14,"column":null}},"4":{"start":{"line":16,"column":0},"end":{"line":16,"column":null}},"5":{"start":{"line":18,"column":18},"end":{"line":35,"column":null}},"6":{"start":{"line":22,"column":2},"end":{"line":34,"column":null}},"7":{"start":{"line":36,"column":0},"end":{"line":36,"column":null}}},"fnMap":{"0":{"name":"(anonymous_0)","decl":{"start":{"line":1,"column":23},"end":{"line":1,"column":null}},"loc":{"start":{"line":1,"column":23},"end":{"line":1,"column":null}},"line":1},"1":{"name":"(anonymous_1)","decl":{"start":{"line":9,"column":2},"end":{"line":9,"column":3}},"loc":{"start":{"line":10,"column":2},"end":{"line":14,"column":null}},"line":10},"2":{"name":"(anonymous_2)","decl":{"start":{"line":21,"column":2},"end":{"line":21,"column":3}},"loc":{"start":{"line":22,"column":2},"end":{"line":34,"column":null}},"line":22}},"branchMap":{"0":{"loc":{"start":{"line":1,"column":23},"end":{"line":1,"column":null}},"type":"cond-expr","locations":[{"start":{"line":1,"column":23},"end":{"line":1,"column":null}},{"start":{"line":1,"column":23},"end":{"line":1,"column":null}}],"line":1},"1":{"loc":{"start":{"line":1,"column":23},"end":{"line":1,"column":null}},"type":"binary-expr","locations":[{"start":{"line":1,"column":23},"end":{"line":1,"column":null}},{"start":{"line":1,"column":23},"end":{"line":1,"column":null}},{"start":{"line":1,"column":23},"end":{"line":1,"column":null}}],"line":1},"2":{"loc":{"start":{"line":21,"column":16},"end":{"line":21,"column":42}},"type":"default-arg","locations":[{"start":{"line":21,"column":30},"end":{"line":21,"column":42}}],"line":21},"3":{"loc":{"start":{"line":27,"column":6},"end":{"line":27,"column":null}},"type":"binary-expr","locations":[{"start":{"line":27,"column":6},"end":{"line":27,"column":36}},{"start":{"line":27,"column":36},"end":{"line":27,"column":null}}],"line":27},"4":{"loc":{"start":{"line":28,"column":6},"end":{"line":28,"column":null}},"type":"binary-expr","locations":[{"start":{"line":28,"column":6},"end":{"line":28,"column":38}},{"start":{"line":28,"column":38},"end":{"line":28,"column":null}}],"line":28}},"s":{"0":1,"1":1,"2":1,"3":1,"4":1,"5":1,"6":1,"7":1},"f":{"0":1,"1":1,"2":1},"b":{"0":[1,1],"1":[1,1,0],"2":[1],"3":[1,1],"4":[1,0]},"meta":{"lastBranch":5,"lastFunction":3,"lastStatement":8,"seen":{"s:11:4:11:5":0,"s:1:23:1:Infinity":1,"f:1:23:1:Infinity":0,"b:1:23:1:Infinity:1:23:1:Infinity":0,"b:1:23:1:Infinity:1:23:1:Infinity:1:23:1:Infinity":1,"s:6:19:15:Infinity":2,"f:9:2:9:3":1,"s:10:2:14:Infinity":3,"s:16:0:16:Infinity":4,"s:18:18:35:Infinity":5,"f:21:2:21:3":2,"s:22:2:34:Infinity":6,"b:21:30:21:42":2,"b:27:6:27:36:27:36:27:Infinity":3,"b:28:6:28:38:28:38:28:Infinity":4,"s:36:0:36:Infinity":7}}}
,"/Users/danstuart/Sites/work/uki-pune-workday/src/components/ui/select/select.tsx": {"path":"/Users/danstuart/Sites/work/uki-pune-workday/src/components/ui/select/select.tsx","statementMap":{"0":{"start":{"line":27,"column":6},"end":{"line":27,"column":7}},"1":{"start":{"line":1,"column":23},"end":{"line":1,"column":null}},"2":{"start":{"line":7,"column":15},"end":{"line":7,"column":null}},"3":{"start":{"line":9,"column":20},"end":{"line":9,"column":null}},"4":{"start":{"line":11,"column":20},"end":{"line":11,"column":null}},"5":{"start":{"line":13,"column":22},"end":{"line":30,"column":null}},"6":{"start":{"line":17,"column":2},"end":{"line":29,"column":null}},"7":{"start":{"line":31,"column":0},"end":{"line":31,"column":null}},"8":{"start":{"line":33,"column":29},"end":{"line":44,"column":null}},"9":{"start":{"line":37,"column":2},"end":{"line":43,"column":null}},"10":{"start":{"line":45,"column":0},"end":{"line":45,"column":null}},"11":{"start":{"line":47,"column":31},"end":{"line":58,"column":null}},"12":{"start":{"line":51,"column":2},"end":{"line":57,"column":null}},"13":{"start":{"line":59,"column":0},"end":{"line":59,"column":null}},"14":{"start":{"line":61,"column":22},"end":{"line":90,"column":null}},"15":{"start":{"line":65,"column":2},"end":{"line":89,"column":null}},"16":{"start":{"line":91,"column":0},"end":{"line":91,"column":null}},"17":{"start":{"line":93,"column":20},"end":{"line":98,"column":null}},"18":{"start":{"line":97,"column":2},"end":{"line":97,"column":null}},"19":{"start":{"line":99,"column":0},"end":{"line":99,"column":null}},"20":{"start":{"line":101,"column":19},"end":{"line":121,"column":null}},"21":{"start":{"line":105,"column":2},"end":{"line":120,"column":null}},"22":{"start":{"line":122,"column":0},"end":{"line":122,"column":null}},"23":{"start":{"line":124,"column":24},"end":{"line":129,"column":null}},"24":{"start":{"line":128,"column":2},"end":{"line":128,"column":null}},"25":{"start":{"line":130,"column":0},"end":{"line":130,"column":null}}},"fnMap":{"0":{"name":"(anonymous_0)","decl":{"start":{"line":1,"column":23},"end":{"line":1,"column":null}},"loc":{"start":{"line":1,"column":23},"end":{"line":1,"column":null}},"line":1},"1":{"name":"(anonymous_1)","decl":{"start":{"line":16,"column":2},"end":{"line":16,"column":3}},"loc":{"start":{"line":17,"column":2},"end":{"line":29,"column":null}},"line":17},"2":{"name":"(anonymous_2)","decl":{"start":{"line":36,"column":2},"end":{"line":36,"column":3}},"loc":{"start":{"line":37,"column":2},"end":{"line":43,"column":null}},"line":37},"3":{"name":"(anonymous_3)","decl":{"start":{"line":50,"column":2},"end":{"line":50,"column":3}},"loc":{"start":{"line":51,"column":2},"end":{"line":57,"column":null}},"line":51},"4":{"name":"(anonymous_4)","decl":{"start":{"line":64,"column":2},"end":{"line":64,"column":3}},"loc":{"start":{"line":65,"column":2},"end":{"line":89,"column":null}},"line":65},"5":{"name":"(anonymous_5)","decl":{"start":{"line":96,"column":2},"end":{"line":96,"column":3}},"loc":{"start":{"line":97,"column":2},"end":{"line":97,"column":null}},"line":97},"6":{"name":"(anonymous_6)","decl":{"start":{"line":104,"column":2},"end":{"line":104,"column":3}},"loc":{"start":{"line":105,"column":2},"end":{"line":120,"column":null}},"line":105},"7":{"name":"(anonymous_7)","decl":{"start":{"line":127,"column":2},"end":{"line":127,"column":3}},"loc":{"start":{"line":128,"column":2},"end":{"line":128,"column":null}},"line":128}},"branchMap":{"0":{"loc":{"start":{"line":1,"column":23},"end":{"line":1,"column":null}},"type":"cond-expr","locations":[{"start":{"line":1,"column":23},"end":{"line":1,"column":null}},{"start":{"line":1,"column":23},"end":{"line":1,"column":null}}],"line":1},"1":{"loc":{"start":{"line":1,"column":23},"end":{"line":1,"column":null}},"type":"binary-expr","locations":[{"start":{"line":1,"column":23},"end":{"line":1,"column":null}},{"start":{"line":1,"column":23},"end":{"line":1,"column":null}},{"start":{"line":1,"column":23},"end":{"line":1,"column":null}}],"line":1},"2":{"loc":{"start":{"line":64,"column":26},"end":{"line":64,"column":47}},"type":"default-arg","locations":[{"start":{"line":64,"column":37},"end":{"line":64,"column":47}}],"line":64},"3":{"loc":{"start":{"line":70,"column":8},"end":{"line":71,"column":null}},"type":"binary-expr","locations":[{"start":{"line":70,"column":8},"end":{"line":70,"column":null}},{"start":{"line":71,"column":10},"end":{"line":71,"column":null}}],"line":70},"4":{"loc":{"start":{"line":81,"column":10},"end":{"line":82,"column":null}},"type":"binary-expr","locations":[{"start":{"line":81,"column":10},"end":{"line":81,"column":null}},{"start":{"line":82,"column":12},"end":{"line":82,"column":null}}],"line":81}},"s":{"0":1,"1":1,"2":1,"3":1,"4":1,"5":1,"6":3,"7":1,"8":1,"9":3,"10":1,"11":1,"12":3,"13":1,"14":1,"15":3,"16":1,"17":1,"18":0,"19":1,"20":1,"21":9,"22":1,"23":1,"24":0,"25":1},"f":{"0":1,"1":3,"2":3,"3":3,"4":3,"5":0,"6":9,"7":0},"b":{"0":[1,1],"1":[1,1,0],"2":[3],"3":[3,3],"4":[3,3]},"meta":{"lastBranch":5,"lastFunction":8,"lastStatement":26,"seen":{"s:27:6:27:7":0,"s:1:23:1:Infinity":1,"f:1:23:1:Infinity":0,"b:1:23:1:Infinity:1:23:1:Infinity":0,"b:1:23:1:Infinity:1:23:1:Infinity:1:23:1:Infinity":1,"s:7:15:7:Infinity":2,"s:9:20:9:Infinity":3,"s:11:20:11:Infinity":4,"s:13:22:30:Infinity":5,"f:16:2:16:3":1,"s:17:2:29:Infinity":6,"s:31:0:31:Infinity":7,"s:33:29:44:Infinity":8,"f:36:2:36:3":2,"s:37:2:43:Infinity":9,"s:45:0:45:Infinity":10,"s:47:31:58:Infinity":11,"f:50:2:50:3":3,"s:51:2:57:Infinity":12,"s:59:0:59:Infinity":13,"s:61:22:90:Infinity":14,"f:64:2:64:3":4,"s:65:2:89:Infinity":15,"b:64:37:64:47":2,"b:70:8:70:Infinity:71:10:71:Infinity":3,"b:81:10:81:Infinity:82:12:82:Infinity":4,"s:91:0:91:Infinity":16,"s:93:20:98:Infinity":17,"f:96:2:96:3":5,"s:97:2:97:Infinity":18,"s:99:0:99:Infinity":19,"s:101:19:121:Infinity":20,"f:104:2:104:3":6,"s:105:2:120:Infinity":21,"s:122:0:122:Infinity":22,"s:124:24:129:Infinity":23,"f:127:2:127:3":7,"s:128:2:128:Infinity":24,"s:130:0:130:Infinity":25}}}
,"/Users/danstuart/Sites/work/uki-pune-workday/src/components/ui/separator/separator.tsx": {"path":"/Users/danstuart/Sites/work/uki-pune-workday/src/components/ui/separator/separator.tsx","statementMap":{"0":{"start":{"line":10,"column":2},"end":{"line":10,"column":3}},"1":{"start":{"line":1,"column":23},"end":{"line":1,"column":null}},"2":{"start":{"line":6,"column":18},"end":{"line":17,"column":null}},"3":{"start":{"line":10,"column":2},"end":{"line":16,"column":null}},"4":{"start":{"line":18,"column":0},"end":{"line":18,"column":null}}},"fnMap":{"0":{"name":"(anonymous_0)","decl":{"start":{"line":1,"column":23},"end":{"line":1,"column":null}},"loc":{"start":{"line":1,"column":23},"end":{"line":1,"column":null}},"line":1},"1":{"name":"(anonymous_1)","decl":{"start":{"line":9,"column":2},"end":{"line":9,"column":3}},"loc":{"start":{"line":10,"column":2},"end":{"line":16,"column":null}},"line":10}},"branchMap":{"0":{"loc":{"start":{"line":1,"column":23},"end":{"line":1,"column":null}},"type":"cond-expr","locations":[{"start":{"line":1,"column":23},"end":{"line":1,"column":null}},{"start":{"line":1,"column":23},"end":{"line":1,"column":null}}],"line":1},"1":{"loc":{"start":{"line":1,"column":23},"end":{"line":1,"column":null}},"type":"binary-expr","locations":[{"start":{"line":1,"column":23},"end":{"line":1,"column":null}},{"start":{"line":1,"column":23},"end":{"line":1,"column":null}},{"start":{"line":1,"column":23},"end":{"line":1,"column":null}}],"line":1},"2":{"loc":{"start":{"line":9,"column":16},"end":{"line":9,"column":44}},"type":"default-arg","locations":[{"start":{"line":9,"column":30},"end":{"line":9,"column":44}}],"line":9},"3":{"loc":{"start":{"line":9,"column":44},"end":{"line":9,"column":63}},"type":"default-arg","locations":[{"start":{"line":9,"column":57},"end":{"line":9,"column":63}}],"line":9},"4":{"loc":{"start":{"line":14,"column":40},"end":{"line":14,"column":108}},"type":"cond-expr","locations":[{"start":{"line":14,"column":71},"end":{"line":14,"column":90}},{"start":{"line":14,"column":90},"end":{"line":14,"column":108}}],"line":14}},"s":{"0":2,"1":2,"2":2,"3":52,"4":2},"f":{"0":2,"1":52},"b":{"0":[2,2],"1":[2,2,0],"2":[52],"3":[52],"4":[50,2]},"meta":{"lastBranch":5,"lastFunction":2,"lastStatement":5,"seen":{"s:10:2:10:3":0,"s:1:23:1:Infinity":1,"f:1:23:1:Infinity":0,"b:1:23:1:Infinity:1:23:1:Infinity":0,"b:1:23:1:Infinity:1:23:1:Infinity:1:23:1:Infinity":1,"s:6:18:17:Infinity":2,"f:9:2:9:3":1,"s:10:2:16:Infinity":3,"b:9:30:9:44":2,"b:9:57:9:63":3,"b:14:71:14:90:14:90:14:108":4,"s:18:0:18:Infinity":4}}}
,"/Users/danstuart/Sites/work/uki-pune-workday/src/components/ui/skeleton/skeleton.tsx": {"path":"/Users/danstuart/Sites/work/uki-pune-workday/src/components/ui/skeleton/skeleton.tsx","statementMap":{"0":{"start":{"line":4,"column":9},"end":{"line":4,"column":10}},"1":{"start":{"line":4,"column":2},"end":{"line":4,"column":null}}},"fnMap":{"0":{"name":"Skeleton","decl":{"start":{"line":3,"column":9},"end":{"line":3,"column":18}},"loc":{"start":{"line":3,"column":81},"end":{"line":5,"column":null}},"line":3}},"branchMap":{},"s":{"0":1,"1":4},"f":{"0":4},"b":{},"meta":{"lastBranch":0,"lastFunction":1,"lastStatement":2,"seen":{"s:4:9:4:10":0,"f:3:9:3:18":0,"s:4:2:4:Infinity":1}}}
,"/Users/danstuart/Sites/work/uki-pune-workday/src/components/ui/slider/slider.tsx": {"path":"/Users/danstuart/Sites/work/uki-pune-workday/src/components/ui/slider/slider.tsx","statementMap":{"0":{"start":{"line":16,"column":6},"end":{"line":16,"column":7}},"1":{"start":{"line":1,"column":23},"end":{"line":1,"column":null}},"2":{"start":{"line":6,"column":15},"end":{"line":20,"column":null}},"3":{"start":{"line":10,"column":2},"end":{"line":19,"column":null}},"4":{"start":{"line":21,"column":0},"end":{"line":21,"column":null}}},"fnMap":{"0":{"name":"(anonymous_0)","decl":{"start":{"line":1,"column":23},"end":{"line":1,"column":null}},"loc":{"start":{"line":1,"column":23},"end":{"line":1,"column":null}},"line":1},"1":{"name":"(anonymous_1)","decl":{"start":{"line":9,"column":2},"end":{"line":9,"column":3}},"loc":{"start":{"line":10,"column":2},"end":{"line":19,"column":null}},"line":10}},"branchMap":{"0":{"loc":{"start":{"line":1,"column":23},"end":{"line":1,"column":null}},"type":"cond-expr","locations":[{"start":{"line":1,"column":23},"end":{"line":1,"column":null}},{"start":{"line":1,"column":23},"end":{"line":1,"column":null}}],"line":1},"1":{"loc":{"start":{"line":1,"column":23},"end":{"line":1,"column":null}},"type":"binary-expr","locations":[{"start":{"line":1,"column":23},"end":{"line":1,"column":null}},{"start":{"line":1,"column":23},"end":{"line":1,"column":null}},{"start":{"line":1,"column":23},"end":{"line":1,"column":null}}],"line":1}},"s":{"0":1,"1":1,"2":1,"3":2,"4":1},"f":{"0":1,"1":2},"b":{"0":[1,1],"1":[1,1,0]},"meta":{"lastBranch":2,"lastFunction":2,"lastStatement":5,"seen":{"s:16:6:16:7":0,"s:1:23:1:Infinity":1,"f:1:23:1:Infinity":0,"b:1:23:1:Infinity:1:23:1:Infinity":0,"b:1:23:1:Infinity:1:23:1:Infinity:1:23:1:Infinity":1,"s:6:15:20:Infinity":2,"f:9:2:9:3":1,"s:10:2:19:Infinity":3,"s:21:0:21:Infinity":4}}}
,"/Users/danstuart/Sites/work/uki-pune-workday/src/components/ui/switch/switch.tsx": {"path":"/Users/danstuart/Sites/work/uki-pune-workday/src/components/ui/switch/switch.tsx","statementMap":{"0":{"start":{"line":18,"column":4},"end":{"line":18,"column":5}},"1":{"start":{"line":1,"column":23},"end":{"line":1,"column":null}},"2":{"start":{"line":6,"column":15},"end":{"line":24,"column":null}},"3":{"start":{"line":10,"column":2},"end":{"line":23,"column":null}},"4":{"start":{"line":25,"column":0},"end":{"line":25,"column":null}}},"fnMap":{"0":{"name":"(anonymous_0)","decl":{"start":{"line":1,"column":23},"end":{"line":1,"column":null}},"loc":{"start":{"line":1,"column":23},"end":{"line":1,"column":null}},"line":1},"1":{"name":"(anonymous_1)","decl":{"start":{"line":9,"column":2},"end":{"line":9,"column":3}},"loc":{"start":{"line":10,"column":2},"end":{"line":23,"column":null}},"line":10}},"branchMap":{"0":{"loc":{"start":{"line":1,"column":23},"end":{"line":1,"column":null}},"type":"cond-expr","locations":[{"start":{"line":1,"column":23},"end":{"line":1,"column":null}},{"start":{"line":1,"column":23},"end":{"line":1,"column":null}}],"line":1},"1":{"loc":{"start":{"line":1,"column":23},"end":{"line":1,"column":null}},"type":"binary-expr","locations":[{"start":{"line":1,"column":23},"end":{"line":1,"column":null}},{"start":{"line":1,"column":23},"end":{"line":1,"column":null}},{"start":{"line":1,"column":23},"end":{"line":1,"column":null}}],"line":1}},"s":{"0":1,"1":1,"2":1,"3":4,"4":1},"f":{"0":1,"1":4},"b":{"0":[1,1],"1":[1,1,0]},"meta":{"lastBranch":2,"lastFunction":2,"lastStatement":5,"seen":{"s:18:4:18:5":0,"s:1:23:1:Infinity":1,"f:1:23:1:Infinity":0,"b:1:23:1:Infinity:1:23:1:Infinity":0,"b:1:23:1:Infinity:1:23:1:Infinity:1:23:1:Infinity":1,"s:6:15:24:Infinity":2,"f:9:2:9:3":1,"s:10:2:23:Infinity":3,"s:25:0:25:Infinity":4}}}
,"/Users/danstuart/Sites/work/uki-pune-workday/src/components/ui/table/table.tsx": {"path":"/Users/danstuart/Sites/work/uki-pune-workday/src/components/ui/table/table.tsx","statementMap":{"0":{"start":{"line":8,"column":6},"end":{"line":8,"column":7}},"1":{"start":{"line":1,"column":23},"end":{"line":1,"column":null}},"2":{"start":{"line":5,"column":14},"end":{"line":11,"column":null}},"3":{"start":{"line":7,"column":4},"end":{"line":9,"column":null}},"4":{"start":{"line":12,"column":0},"end":{"line":12,"column":null}},"5":{"start":{"line":14,"column":20},"end":{"line":16,"column":null}},"6":{"start":{"line":15,"column":36},"end":{"line":15,"column":null}},"7":{"start":{"line":17,"column":0},"end":{"line":17,"column":null}},"8":{"start":{"line":19,"column":18},"end":{"line":23,"column":null}},"9":{"start":{"line":21,"column":4},"end":{"line":21,"column":null}},"10":{"start":{"line":24,"column":0},"end":{"line":24,"column":null}},"11":{"start":{"line":26,"column":20},"end":{"line":30,"column":null}},"12":{"start":{"line":28,"column":4},"end":{"line":28,"column":null}},"13":{"start":{"line":31,"column":0},"end":{"line":31,"column":null}},"14":{"start":{"line":33,"column":17},"end":{"line":41,"column":null}},"15":{"start":{"line":35,"column":4},"end":{"line":39,"column":null}},"16":{"start":{"line":42,"column":0},"end":{"line":42,"column":null}},"17":{"start":{"line":44,"column":18},"end":{"line":55,"column":null}},"18":{"start":{"line":46,"column":4},"end":{"line":53,"column":null}},"19":{"start":{"line":56,"column":0},"end":{"line":56,"column":null}},"20":{"start":{"line":58,"column":18},"end":{"line":62,"column":null}},"21":{"start":{"line":60,"column":4},"end":{"line":60,"column":null}},"22":{"start":{"line":63,"column":0},"end":{"line":63,"column":null}},"23":{"start":{"line":65,"column":21},"end":{"line":69,"column":null}},"24":{"start":{"line":67,"column":4},"end":{"line":67,"column":null}},"25":{"start":{"line":70,"column":0},"end":{"line":70,"column":null}}},"fnMap":{"0":{"name":"(anonymous_0)","decl":{"start":{"line":1,"column":23},"end":{"line":1,"column":null}},"loc":{"start":{"line":1,"column":23},"end":{"line":1,"column":null}},"line":1},"1":{"name":"(anonymous_1)","decl":{"start":{"line":6,"column":2},"end":{"line":6,"column":3}},"loc":{"start":{"line":7,"column":4},"end":{"line":9,"column":null}},"line":7},"2":{"name":"(anonymous_2)","decl":{"start":{"line":15,"column":2},"end":{"line":15,"column":3}},"loc":{"start":{"line":15,"column":36},"end":{"line":15,"column":null}},"line":15},"3":{"name":"(anonymous_3)","decl":{"start":{"line":20,"column":2},"end":{"line":20,"column":3}},"loc":{"start":{"line":21,"column":4},"end":{"line":21,"column":null}},"line":21},"4":{"name":"(anonymous_4)","decl":{"start":{"line":27,"column":2},"end":{"line":27,"column":3}},"loc":{"start":{"line":28,"column":4},"end":{"line":28,"column":null}},"line":28},"5":{"name":"(anonymous_5)","decl":{"start":{"line":34,"column":2},"end":{"line":34,"column":3}},"loc":{"start":{"line":35,"column":4},"end":{"line":39,"column":null}},"line":35},"6":{"name":"(anonymous_6)","decl":{"start":{"line":45,"column":2},"end":{"line":45,"column":3}},"loc":{"start":{"line":46,"column":4},"end":{"line":53,"column":null}},"line":46},"7":{"name":"(anonymous_7)","decl":{"start":{"line":59,"column":2},"end":{"line":59,"column":3}},"loc":{"start":{"line":60,"column":4},"end":{"line":60,"column":null}},"line":60},"8":{"name":"(anonymous_8)","decl":{"start":{"line":66,"column":2},"end":{"line":66,"column":3}},"loc":{"start":{"line":67,"column":4},"end":{"line":67,"column":null}},"line":67}},"branchMap":{"0":{"loc":{"start":{"line":1,"column":23},"end":{"line":1,"column":null}},"type":"cond-expr","locations":[{"start":{"line":1,"column":23},"end":{"line":1,"column":null}},{"start":{"line":1,"column":23},"end":{"line":1,"column":null}}],"line":1},"1":{"loc":{"start":{"line":1,"column":23},"end":{"line":1,"column":null}},"type":"binary-expr","locations":[{"start":{"line":1,"column":23},"end":{"line":1,"column":null}},{"start":{"line":1,"column":23},"end":{"line":1,"column":null}},{"start":{"line":1,"column":23},"end":{"line":1,"column":null}}],"line":1}},"s":{"0":1,"1":1,"2":1,"3":1,"4":1,"5":1,"6":1,"7":1,"8":1,"9":1,"10":1,"11":1,"12":0,"13":1,"14":1,"15":3,"16":1,"17":1,"18":4,"19":1,"20":1,"21":8,"22":1,"23":1,"24":0,"25":1},"f":{"0":1,"1":1,"2":1,"3":1,"4":0,"5":3,"6":4,"7":8,"8":0},"b":{"0":[1,1],"1":[1,1,0]},"meta":{"lastBranch":2,"lastFunction":9,"lastStatement":26,"seen":{"s:8:6:8:7":0,"s:1:23:1:Infinity":1,"f:1:23:1:Infinity":0,"b:1:23:1:Infinity:1:23:1:Infinity":0,"b:1:23:1:Infinity:1:23:1:Infinity:1:23:1:Infinity":1,"s:5:14:11:Infinity":2,"f:6:2:6:3":1,"s:7:4:9:Infinity":3,"s:12:0:12:Infinity":4,"s:14:20:16:Infinity":5,"f:15:2:15:3":2,"s:15:36:15:Infinity":6,"s:17:0:17:Infinity":7,"s:19:18:23:Infinity":8,"f:20:2:20:3":3,"s:21:4:21:Infinity":9,"s:24:0:24:Infinity":10,"s:26:20:30:Infinity":11,"f:27:2:27:3":4,"s:28:4:28:Infinity":12,"s:31:0:31:Infinity":13,"s:33:17:41:Infinity":14,"f:34:2:34:3":5,"s:35:4:39:Infinity":15,"s:42:0:42:Infinity":16,"s:44:18:55:Infinity":17,"f:45:2:45:3":6,"s:46:4:53:Infinity":18,"s:56:0:56:Infinity":19,"s:58:18:62:Infinity":20,"f:59:2:59:3":7,"s:60:4:60:Infinity":21,"s:63:0:63:Infinity":22,"s:65:21:69:Infinity":23,"f:66:2:66:3":8,"s:67:4:67:Infinity":24,"s:70:0:70:Infinity":25}}}
,"/Users/danstuart/Sites/work/uki-pune-workday/src/components/ui/tabs/tabs.tsx": {"path":"/Users/danstuart/Sites/work/uki-pune-workday/src/components/ui/tabs/tabs.tsx","statementMap":{"0":{"start":{"line":12,"column":2},"end":{"line":12,"column":3}},"1":{"start":{"line":1,"column":23},"end":{"line":1,"column":null}},"2":{"start":{"line":6,"column":13},"end":{"line":6,"column":null}},"3":{"start":{"line":8,"column":17},"end":{"line":20,"column":null}},"4":{"start":{"line":12,"column":2},"end":{"line":19,"column":null}},"5":{"start":{"line":21,"column":0},"end":{"line":21,"column":null}},"6":{"start":{"line":23,"column":20},"end":{"line":35,"column":null}},"7":{"start":{"line":27,"column":2},"end":{"line":34,"column":null}},"8":{"start":{"line":36,"column":0},"end":{"line":36,"column":null}},"9":{"start":{"line":38,"column":20},"end":{"line":50,"column":null}},"10":{"start":{"line":42,"column":2},"end":{"line":49,"column":null}},"11":{"start":{"line":51,"column":0},"end":{"line":51,"column":null}}},"fnMap":{"0":{"name":"(anonymous_0)","decl":{"start":{"line":1,"column":23},"end":{"line":1,"column":null}},"loc":{"start":{"line":1,"column":23},"end":{"line":1,"column":null}},"line":1},"1":{"name":"(anonymous_1)","decl":{"start":{"line":11,"column":2},"end":{"line":11,"column":3}},"loc":{"start":{"line":12,"column":2},"end":{"line":19,"column":null}},"line":12},"2":{"name":"(anonymous_2)","decl":{"start":{"line":26,"column":2},"end":{"line":26,"column":3}},"loc":{"start":{"line":27,"column":2},"end":{"line":34,"column":null}},"line":27},"3":{"name":"(anonymous_3)","decl":{"start":{"line":41,"column":2},"end":{"line":41,"column":3}},"loc":{"start":{"line":42,"column":2},"end":{"line":49,"column":null}},"line":42}},"branchMap":{"0":{"loc":{"start":{"line":1,"column":23},"end":{"line":1,"column":null}},"type":"cond-expr","locations":[{"start":{"line":1,"column":23},"end":{"line":1,"column":null}},{"start":{"line":1,"column":23},"end":{"line":1,"column":null}}],"line":1},"1":{"loc":{"start":{"line":1,"column":23},"end":{"line":1,"column":null}},"type":"binary-expr","locations":[{"start":{"line":1,"column":23},"end":{"line":1,"column":null}},{"start":{"line":1,"column":23},"end":{"line":1,"column":null}},{"start":{"line":1,"column":23},"end":{"line":1,"column":null}}],"line":1}},"s":{"0":1,"1":1,"2":1,"3":1,"4":1,"5":1,"6":1,"7":3,"8":1,"9":1,"10":3,"11":1},"f":{"0":1,"1":1,"2":3,"3":3},"b":{"0":[1,1],"1":[1,1,0]},"meta":{"lastBranch":2,"lastFunction":4,"lastStatement":12,"seen":{"s:12:2:12:3":0,"s:1:23:1:Infinity":1,"f:1:23:1:Infinity":0,"b:1:23:1:Infinity:1:23:1:Infinity":0,"b:1:23:1:Infinity:1:23:1:Infinity:1:23:1:Infinity":1,"s:6:13:6:Infinity":2,"s:8:17:20:Infinity":3,"f:11:2:11:3":1,"s:12:2:19:Infinity":4,"s:21:0:21:Infinity":5,"s:23:20:35:Infinity":6,"f:26:2:26:3":2,"s:27:2:34:Infinity":7,"s:36:0:36:Infinity":8,"s:38:20:50:Infinity":9,"f:41:2:41:3":3,"s:42:2:49:Infinity":10,"s:51:0:51:Infinity":11}}}
,"/Users/danstuart/Sites/work/uki-pune-workday/src/components/ui/textarea/textarea.tsx": {"path":"/Users/danstuart/Sites/work/uki-pune-workday/src/components/ui/textarea/textarea.tsx","statementMap":{"0":{"start":{"line":9,"column":4},"end":{"line":9,"column":5}},"1":{"start":{"line":1,"column":23},"end":{"line":1,"column":null}},"2":{"start":{"line":7,"column":17},"end":{"line":18,"column":null}},"3":{"start":{"line":8,"column":2},"end":{"line":16,"column":null}},"4":{"start":{"line":19,"column":0},"end":{"line":19,"column":null}}},"fnMap":{"0":{"name":"(anonymous_0)","decl":{"start":{"line":1,"column":23},"end":{"line":1,"column":null}},"loc":{"start":{"line":1,"column":23},"end":{"line":1,"column":null}},"line":1},"1":{"name":"(anonymous_1)","decl":{"start":{"line":7,"column":70},"end":{"line":7,"column":71}},"loc":{"start":{"line":7,"column":104},"end":{"line":18,"column":1}},"line":7}},"branchMap":{"0":{"loc":{"start":{"line":1,"column":23},"end":{"line":1,"column":null}},"type":"cond-expr","locations":[{"start":{"line":1,"column":23},"end":{"line":1,"column":null}},{"start":{"line":1,"column":23},"end":{"line":1,"column":null}}],"line":1},"1":{"loc":{"start":{"line":1,"column":23},"end":{"line":1,"column":null}},"type":"binary-expr","locations":[{"start":{"line":1,"column":23},"end":{"line":1,"column":null}},{"start":{"line":1,"column":23},"end":{"line":1,"column":null}},{"start":{"line":1,"column":23},"end":{"line":1,"column":null}}],"line":1}},"s":{"0":1,"1":1,"2":1,"3":3,"4":1},"f":{"0":1,"1":3},"b":{"0":[1,1],"1":[1,1,0]},"meta":{"lastBranch":2,"lastFunction":2,"lastStatement":5,"seen":{"s:9:4:9:5":0,"s:1:23:1:Infinity":1,"f:1:23:1:Infinity":0,"b:1:23:1:Infinity:1:23:1:Infinity":0,"b:1:23:1:Infinity:1:23:1:Infinity:1:23:1:Infinity":1,"s:7:17:18:Infinity":2,"f:7:70:7:71":1,"s:8:2:16:Infinity":3,"s:19:0:19:Infinity":4}}}
,"/Users/danstuart/Sites/work/uki-pune-workday/src/components/ui/toggle/toggle.tsx": {"path":"/Users/danstuart/Sites/work/uki-pune-workday/src/components/ui/toggle/toggle.tsx","statementMap":{"0":{"start":{"line":32,"column":2},"end":{"line":32,"column":3}},"1":{"start":{"line":1,"column":23},"end":{"line":1,"column":null}},"2":{"start":{"line":7,"column":23},"end":{"line":26,"column":null}},"3":{"start":{"line":28,"column":15},"end":{"line":33,"column":null}},"4":{"start":{"line":32,"column":2},"end":{"line":32,"column":null}},"5":{"start":{"line":35,"column":0},"end":{"line":35,"column":null}}},"fnMap":{"0":{"name":"(anonymous_0)","decl":{"start":{"line":1,"column":23},"end":{"line":1,"column":null}},"loc":{"start":{"line":1,"column":23},"end":{"line":1,"column":null}},"line":1},"1":{"name":"(anonymous_1)","decl":{"start":{"line":31,"column":2},"end":{"line":31,"column":3}},"loc":{"start":{"line":32,"column":2},"end":{"line":32,"column":null}},"line":32}},"branchMap":{"0":{"loc":{"start":{"line":1,"column":23},"end":{"line":1,"column":null}},"type":"cond-expr","locations":[{"start":{"line":1,"column":23},"end":{"line":1,"column":null}},{"start":{"line":1,"column":23},"end":{"line":1,"column":null}}],"line":1},"1":{"loc":{"start":{"line":1,"column":23},"end":{"line":1,"column":null}},"type":"binary-expr","locations":[{"start":{"line":1,"column":23},"end":{"line":1,"column":null}},{"start":{"line":1,"column":23},"end":{"line":1,"column":null}},{"start":{"line":1,"column":23},"end":{"line":1,"column":null}}],"line":1}},"s":{"0":1,"1":1,"2":1,"3":1,"4":4,"5":1},"f":{"0":1,"1":4},"b":{"0":[1,1],"1":[1,1,0]},"meta":{"lastBranch":2,"lastFunction":2,"lastStatement":6,"seen":{"s:32:2:32:3":0,"s:1:23:1:Infinity":1,"f:1:23:1:Infinity":0,"b:1:23:1:Infinity:1:23:1:Infinity":0,"b:1:23:1:Infinity:1:23:1:Infinity:1:23:1:Infinity":1,"s:7:23:26:Infinity":2,"s:28:15:33:Infinity":3,"f:31:2:31:3":1,"s:32:2:32:Infinity":4,"s:35:0:35:Infinity":5}}}
,"/Users/danstuart/Sites/work/uki-pune-workday/src/components/ui/tooltip/tooltip.tsx": {"path":"/Users/danstuart/Sites/work/uki-pune-workday/src/components/ui/tooltip/tooltip.tsx","statementMap":{"0":{"start":{"line":16,"column":2},"end":{"line":16,"column":3}},"1":{"start":{"line":1,"column":23},"end":{"line":1,"column":null}},"2":{"start":{"line":6,"column":24},"end":{"line":6,"column":null}},"3":{"start":{"line":8,"column":16},"end":{"line":8,"column":null}},"4":{"start":{"line":10,"column":23},"end":{"line":10,"column":null}},"5":{"start":{"line":12,"column":23},"end":{"line":25,"column":null}},"6":{"start":{"line":16,"column":2},"end":{"line":24,"column":null}},"7":{"start":{"line":26,"column":0},"end":{"line":26,"column":null}}},"fnMap":{"0":{"name":"(anonymous_0)","decl":{"start":{"line":1,"column":23},"end":{"line":1,"column":null}},"loc":{"start":{"line":1,"column":23},"end":{"line":1,"column":null}},"line":1},"1":{"name":"(anonymous_1)","decl":{"start":{"line":15,"column":2},"end":{"line":15,"column":3}},"loc":{"start":{"line":16,"column":2},"end":{"line":24,"column":null}},"line":16}},"branchMap":{"0":{"loc":{"start":{"line":1,"column":23},"end":{"line":1,"column":null}},"type":"cond-expr","locations":[{"start":{"line":1,"column":23},"end":{"line":1,"column":null}},{"start":{"line":1,"column":23},"end":{"line":1,"column":null}}],"line":1},"1":{"loc":{"start":{"line":1,"column":23},"end":{"line":1,"column":null}},"type":"binary-expr","locations":[{"start":{"line":1,"column":23},"end":{"line":1,"column":null}},{"start":{"line":1,"column":23},"end":{"line":1,"column":null}},{"start":{"line":1,"column":23},"end":{"line":1,"column":null}}],"line":1},"2":{"loc":{"start":{"line":15,"column":16},"end":{"line":15,"column":32}},"type":"default-arg","locations":[{"start":{"line":15,"column":29},"end":{"line":15,"column":32}}],"line":15}},"s":{"0":1,"1":1,"2":1,"3":1,"4":1,"5":1,"6":1,"7":1},"f":{"0":1,"1":1},"b":{"0":[1,1],"1":[1,1,0],"2":[1]},"meta":{"lastBranch":3,"lastFunction":2,"lastStatement":8,"seen":{"s:16:2:16:3":0,"s:1:23:1:Infinity":1,"f:1:23:1:Infinity":0,"b:1:23:1:Infinity:1:23:1:Infinity":0,"b:1:23:1:Infinity:1:23:1:Infinity:1:23:1:Infinity":1,"s:6:24:6:Infinity":2,"s:8:16:8:Infinity":3,"s:10:23:10:Infinity":4,"s:12:23:25:Infinity":5,"f:15:2:15:3":1,"s:16:2:24:Infinity":6,"b:15:29:15:32":2,"s:26:0:26:Infinity":7}}}
,"/Users/danstuart/Sites/work/uki-pune-workday/src/lib/utils.ts": {"path":"/Users/danstuart/Sites/work/uki-pune-workday/src/lib/utils.ts","statementMap":{"0":{"start":{"line":5,"column":2},"end":{"line":5,"column":null}}},"fnMap":{"0":{"name":"cn","decl":{"start":{"line":4,"column":16},"end":{"line":4,"column":22}},"loc":{"start":{"line":4,"column":44},"end":{"line":6,"column":null}},"line":4}},"branchMap":{},"s":{"0":236},"f":{"0":236},"b":{},"meta":{"lastBranch":0,"lastFunction":1,"lastStatement":1,"seen":{"f:4:16:4:22":0,"s:5:2:5:Infinity":0}}}
}
